
out/main.elf:     file format elf32-littlearm


Disassembly of section .text:

08000000 <g_pfnVectors>:
 8000000:	00 00 02 20 61 05 00 08 25 04 00 08 31 04 00 08     ... a...%...1...
 8000010:	39 04 00 08 41 04 00 08 49 04 00 08 00 00 00 00     9...A...I.......
	...
 800002c:	51 04 00 08 5d 04 00 08 00 00 00 00 69 04 00 08     Q...].......i...
 800003c:	75 04 00 08 b5 05 00 08 b5 05 00 08 b5 05 00 08     u...............
 800004c:	b5 05 00 08 b5 05 00 08 b5 05 00 08 b5 05 00 08     ................
 800005c:	b5 05 00 08 b5 05 00 08 b5 05 00 08 b5 05 00 08     ................
 800006c:	b5 05 00 08 b5 05 00 08 b5 05 00 08 b5 05 00 08     ................
 800007c:	b5 05 00 08 b5 05 00 08 b5 05 00 08 b5 05 00 08     ................
 800008c:	b5 05 00 08 b5 05 00 08 b5 05 00 08 b5 05 00 08     ................
 800009c:	b5 05 00 08 b5 05 00 08 b5 05 00 08 b5 05 00 08     ................
 80000ac:	b5 05 00 08 b5 05 00 08 b5 05 00 08 b5 05 00 08     ................
 80000bc:	b5 05 00 08 b5 05 00 08 b5 05 00 08 b5 05 00 08     ................
 80000cc:	b5 05 00 08 b5 05 00 08 b5 05 00 08 b5 05 00 08     ................
 80000dc:	b5 05 00 08 b5 05 00 08 b5 05 00 08 b5 05 00 08     ................
 80000ec:	b5 05 00 08 b5 05 00 08 b5 05 00 08 b5 05 00 08     ................
 80000fc:	b5 05 00 08 b5 05 00 08 b5 05 00 08 b5 05 00 08     ................
 800010c:	b5 05 00 08 b5 05 00 08 b5 05 00 08 b5 05 00 08     ................
 800011c:	b5 05 00 08 b5 05 00 08 b5 05 00 08 b5 05 00 08     ................
 800012c:	b5 05 00 08 b5 05 00 08 b5 05 00 08 b5 05 00 08     ................
 800013c:	b5 05 00 08 b5 05 00 08 b5 05 00 08 b5 05 00 08     ................
 800014c:	b5 05 00 08 b5 05 00 08 b5 05 00 08 b5 05 00 08     ................
 800015c:	b5 05 00 08 b5 05 00 08 b5 05 00 08 b5 05 00 08     ................
 800016c:	b5 05 00 08 b5 05 00 08 b5 05 00 08 b5 05 00 08     ................
 800017c:	b5 05 00 08 b5 05 00 08 b5 05 00 08                 ............

08000188 <deregister_tm_clones>:
 8000188:	4b04      	ldr	r3, [pc, #16]	; (800019c <deregister_tm_clones+0x14>)
 800018a:	4805      	ldr	r0, [pc, #20]	; (80001a0 <deregister_tm_clones+0x18>)
 800018c:	1a1b      	subs	r3, r3, r0
 800018e:	2b06      	cmp	r3, #6
 8000190:	d902      	bls.n	8000198 <deregister_tm_clones+0x10>
 8000192:	4b04      	ldr	r3, [pc, #16]	; (80001a4 <deregister_tm_clones+0x1c>)
 8000194:	b103      	cbz	r3, 8000198 <deregister_tm_clones+0x10>
 8000196:	4718      	bx	r3
 8000198:	4770      	bx	lr
 800019a:	bf00      	nop
 800019c:	20000453 	.word	0x20000453
 80001a0:	20000450 	.word	0x20000450
 80001a4:	00000000 	.word	0x00000000

080001a8 <register_tm_clones>:
 80001a8:	4905      	ldr	r1, [pc, #20]	; (80001c0 <register_tm_clones+0x18>)
 80001aa:	4806      	ldr	r0, [pc, #24]	; (80001c4 <register_tm_clones+0x1c>)
 80001ac:	1a09      	subs	r1, r1, r0
 80001ae:	1089      	asrs	r1, r1, #2
 80001b0:	eb01 71d1 	add.w	r1, r1, r1, lsr #31
 80001b4:	1049      	asrs	r1, r1, #1
 80001b6:	d002      	beq.n	80001be <register_tm_clones+0x16>
 80001b8:	4b03      	ldr	r3, [pc, #12]	; (80001c8 <register_tm_clones+0x20>)
 80001ba:	b103      	cbz	r3, 80001be <register_tm_clones+0x16>
 80001bc:	4718      	bx	r3
 80001be:	4770      	bx	lr
 80001c0:	20000450 	.word	0x20000450
 80001c4:	20000450 	.word	0x20000450
 80001c8:	00000000 	.word	0x00000000

080001cc <__do_global_dtors_aux>:
 80001cc:	b510      	push	{r4, lr}
 80001ce:	4c06      	ldr	r4, [pc, #24]	; (80001e8 <__do_global_dtors_aux+0x1c>)
 80001d0:	7823      	ldrb	r3, [r4, #0]
 80001d2:	b943      	cbnz	r3, 80001e6 <__do_global_dtors_aux+0x1a>
 80001d4:	f7ff ffd8 	bl	8000188 <deregister_tm_clones>
 80001d8:	4b04      	ldr	r3, [pc, #16]	; (80001ec <__do_global_dtors_aux+0x20>)
 80001da:	b113      	cbz	r3, 80001e2 <__do_global_dtors_aux+0x16>
 80001dc:	4804      	ldr	r0, [pc, #16]	; (80001f0 <__do_global_dtors_aux+0x24>)
 80001de:	f3af 8000 	nop.w
 80001e2:	2301      	movs	r3, #1
 80001e4:	7023      	strb	r3, [r4, #0]
 80001e6:	bd10      	pop	{r4, pc}
 80001e8:	20000454 	.word	0x20000454
 80001ec:	00000000 	.word	0x00000000
 80001f0:	20000490 	.word	0x20000490

080001f4 <frame_dummy>:
 80001f4:	b508      	push	{r3, lr}
 80001f6:	4b08      	ldr	r3, [pc, #32]	; (8000218 <frame_dummy+0x24>)
 80001f8:	b11b      	cbz	r3, 8000202 <frame_dummy+0xe>
 80001fa:	4808      	ldr	r0, [pc, #32]	; (800021c <frame_dummy+0x28>)
 80001fc:	4908      	ldr	r1, [pc, #32]	; (8000220 <frame_dummy+0x2c>)
 80001fe:	f3af 8000 	nop.w
 8000202:	4808      	ldr	r0, [pc, #32]	; (8000224 <frame_dummy+0x30>)
 8000204:	6803      	ldr	r3, [r0, #0]
 8000206:	b913      	cbnz	r3, 800020e <frame_dummy+0x1a>
 8000208:	e8bd 4008 	ldmia.w	sp!, {r3, lr}
 800020c:	e7cc      	b.n	80001a8 <register_tm_clones>
 800020e:	4b06      	ldr	r3, [pc, #24]	; (8000228 <frame_dummy+0x34>)
 8000210:	2b00      	cmp	r3, #0
 8000212:	d0f9      	beq.n	8000208 <frame_dummy+0x14>
 8000214:	4798      	blx	r3
 8000216:	e7f7      	b.n	8000208 <frame_dummy+0x14>
 8000218:	00000000 	.word	0x00000000
 800021c:	20000490 	.word	0x20000490
 8000220:	20000458 	.word	0x20000458
 8000224:	2000044c 	.word	0x2000044c
 8000228:	00000000 	.word	0x00000000

0800022c <_mainCRTStartup>:
 800022c:	4b13      	ldr	r3, [pc, #76]	; (800027c <_mainCRTStartup+0x50>)
 800022e:	2b00      	cmp	r3, #0
 8000230:	bf08      	it	eq
 8000232:	4b11      	ldreq	r3, [pc, #68]	; (8000278 <_mainCRTStartup+0x4c>)
 8000234:	469d      	mov	sp, r3
 8000236:	f5a3 3a80 	sub.w	sl, r3, #65536	; 0x10000
 800023a:	2100      	movs	r1, #0
 800023c:	468b      	mov	fp, r1
 800023e:	460f      	mov	r7, r1
 8000240:	4811      	ldr	r0, [pc, #68]	; (8000288 <_mainCRTStartup+0x5c>)
 8000242:	4a12      	ldr	r2, [pc, #72]	; (800028c <_mainCRTStartup+0x60>)
 8000244:	1a12      	subs	r2, r2, r0
 8000246:	f000 fa0b 	bl	8000660 <memset>
 800024a:	4b0d      	ldr	r3, [pc, #52]	; (8000280 <_mainCRTStartup+0x54>)
 800024c:	2b00      	cmp	r3, #0
 800024e:	d000      	beq.n	8000252 <_mainCRTStartup+0x26>
 8000250:	4798      	blx	r3
 8000252:	4b0c      	ldr	r3, [pc, #48]	; (8000284 <_mainCRTStartup+0x58>)
 8000254:	2b00      	cmp	r3, #0
 8000256:	d000      	beq.n	800025a <_mainCRTStartup+0x2e>
 8000258:	4798      	blx	r3
 800025a:	2000      	movs	r0, #0
 800025c:	2100      	movs	r1, #0
 800025e:	0004      	movs	r4, r0
 8000260:	000d      	movs	r5, r1
 8000262:	480b      	ldr	r0, [pc, #44]	; (8000290 <_mainCRTStartup+0x64>)
 8000264:	f000 f9a8 	bl	80005b8 <atexit>
 8000268:	f000 f9d2 	bl	8000610 <__libc_init_array>
 800026c:	0020      	movs	r0, r4
 800026e:	0029      	movs	r1, r5
 8000270:	f000 f90e 	bl	8000490 <main>
 8000274:	f000 f9a6 	bl	80005c4 <exit>
 8000278:	00080000 	.word	0x00080000
	...
 8000288:	20000454 	.word	0x20000454
 800028c:	20000474 	.word	0x20000474
 8000290:	080005e5 	.word	0x080005e5

08000294 <low_level_init>:
  *         SystemFrequency variable.
  * @param  None
  * @retval None
  */
void low_level_init(void)
{
 8000294:	b580      	push	{r7, lr}
 8000296:	af00      	add	r7, sp, #0
  /* Reset the RCC clock configuration to the default reset state ------------*/
  /* Set HSION bit */
  RCC->CR |= (uint32_t)0x00000001;
 8000298:	4a12      	ldr	r2, [pc, #72]	; (80002e4 <low_level_init+0x50>)
 800029a:	4b12      	ldr	r3, [pc, #72]	; (80002e4 <low_level_init+0x50>)
 800029c:	681b      	ldr	r3, [r3, #0]
 800029e:	f043 0301 	orr.w	r3, r3, #1
 80002a2:	6013      	str	r3, [r2, #0]

  /* Reset CFGR register */
  RCC->CFGR = 0x00000000;
 80002a4:	4b0f      	ldr	r3, [pc, #60]	; (80002e4 <low_level_init+0x50>)
 80002a6:	2200      	movs	r2, #0
 80002a8:	609a      	str	r2, [r3, #8]

  /* Reset HSEON, CSSON and PLLON bits */
  RCC->CR &= (uint32_t)0xFEF6FFFF;
 80002aa:	4a0e      	ldr	r2, [pc, #56]	; (80002e4 <low_level_init+0x50>)
 80002ac:	4b0d      	ldr	r3, [pc, #52]	; (80002e4 <low_level_init+0x50>)
 80002ae:	681b      	ldr	r3, [r3, #0]
 80002b0:	f023 7384 	bic.w	r3, r3, #17301504	; 0x1080000
 80002b4:	f423 3380 	bic.w	r3, r3, #65536	; 0x10000
 80002b8:	6013      	str	r3, [r2, #0]

  /* Reset PLLCFGR register */
  RCC->PLLCFGR = 0x24003010;
 80002ba:	4b0a      	ldr	r3, [pc, #40]	; (80002e4 <low_level_init+0x50>)
 80002bc:	4a0a      	ldr	r2, [pc, #40]	; (80002e8 <low_level_init+0x54>)
 80002be:	605a      	str	r2, [r3, #4]

  /* Reset HSEBYP bit */
  RCC->CR &= (uint32_t)0xFFFBFFFF;
 80002c0:	4a08      	ldr	r2, [pc, #32]	; (80002e4 <low_level_init+0x50>)
 80002c2:	4b08      	ldr	r3, [pc, #32]	; (80002e4 <low_level_init+0x50>)
 80002c4:	681b      	ldr	r3, [r3, #0]
 80002c6:	f423 2380 	bic.w	r3, r3, #262144	; 0x40000
 80002ca:	6013      	str	r3, [r2, #0]

  /* Disable all interrupts */
  RCC->CIR = 0x00000000;
 80002cc:	4b05      	ldr	r3, [pc, #20]	; (80002e4 <low_level_init+0x50>)
 80002ce:	2200      	movs	r2, #0
 80002d0:	60da      	str	r2, [r3, #12]

  /* Configure the System clock source, PLL Multiplier and Divider factors, 
     AHB/APBx prescalers and Flash settings ----------------------------------*/
  set_sys_clock();
 80002d2:	f000 f80d 	bl	80002f0 <set_sys_clock>
#ifdef VECT_TAB_SRAM
  /* Vector Table Relocation in Internal SRAM */
  SCB->VTOR = SRAM_BASE | VECT_TAB_OFFSET;
#else
  /* Vector Table Relocation in Internal FLASH */
  SCB->VTOR = FLASH_BASE | VECT_TAB_OFFSET;
 80002d6:	4b05      	ldr	r3, [pc, #20]	; (80002ec <low_level_init+0x58>)
 80002d8:	f04f 6200 	mov.w	r2, #134217728	; 0x8000000
 80002dc:	609a      	str	r2, [r3, #8]
#endif

  /* copy fastcode section from ROM to RAM */
  copy_fastcode();
 80002de:	f000 f881 	bl	80003e4 <copy_fastcode>
}
 80002e2:	bd80      	pop	{r7, pc}
 80002e4:	40023800 	.word	0x40023800
 80002e8:	24003010 	.word	0x24003010
 80002ec:	e000ed00 	.word	0xe000ed00

080002f0 <set_sys_clock>:
  *         is reset to the default reset state (done in SystemInit() function).
  * @param  None
  * @retval None
  */
static void set_sys_clock(void)
{
 80002f0:	b480      	push	{r7}
 80002f2:	b083      	sub	sp, #12
 80002f4:	af00      	add	r7, sp, #0
/******************************************************************************/
/*            PLL (clocked by HSE) used as System clock source                */
/******************************************************************************/
  __IO uint32_t StartUpCounter = 0, HSEStatus = 0;
 80002f6:	2300      	movs	r3, #0
 80002f8:	607b      	str	r3, [r7, #4]
 80002fa:	2300      	movs	r3, #0
 80002fc:	603b      	str	r3, [r7, #0]
  
  /* Enable HSE */
  RCC->CR |= ((uint32_t)RCC_CR_HSEON);
 80002fe:	4a35      	ldr	r2, [pc, #212]	; (80003d4 <set_sys_clock+0xe4>)
 8000300:	4b34      	ldr	r3, [pc, #208]	; (80003d4 <set_sys_clock+0xe4>)
 8000302:	681b      	ldr	r3, [r3, #0]
 8000304:	f443 3380 	orr.w	r3, r3, #65536	; 0x10000
 8000308:	6013      	str	r3, [r2, #0]
 
  /* Wait till HSE is ready and if Time out is reached exit */
  do
  {
    HSEStatus = RCC->CR & RCC_CR_HSERDY;
 800030a:	4b32      	ldr	r3, [pc, #200]	; (80003d4 <set_sys_clock+0xe4>)
 800030c:	681b      	ldr	r3, [r3, #0]
 800030e:	f403 3300 	and.w	r3, r3, #131072	; 0x20000
 8000312:	603b      	str	r3, [r7, #0]
    StartUpCounter++;
 8000314:	687b      	ldr	r3, [r7, #4]
 8000316:	3301      	adds	r3, #1
 8000318:	607b      	str	r3, [r7, #4]
  } while((HSEStatus == 0) && (StartUpCounter != HSE_STARTUP_TIMEOUT));
 800031a:	683b      	ldr	r3, [r7, #0]
 800031c:	2b00      	cmp	r3, #0
 800031e:	d103      	bne.n	8000328 <set_sys_clock+0x38>
 8000320:	687b      	ldr	r3, [r7, #4]
 8000322:	f5b3 6fa0 	cmp.w	r3, #1280	; 0x500
 8000326:	d1f0      	bne.n	800030a <set_sys_clock+0x1a>

  if ((RCC->CR & RCC_CR_HSERDY) != RESET)
 8000328:	4b2a      	ldr	r3, [pc, #168]	; (80003d4 <set_sys_clock+0xe4>)
 800032a:	681b      	ldr	r3, [r3, #0]
 800032c:	f403 3300 	and.w	r3, r3, #131072	; 0x20000
 8000330:	2b00      	cmp	r3, #0
 8000332:	d002      	beq.n	800033a <set_sys_clock+0x4a>
  {
    HSEStatus = (uint32_t)0x01;
 8000334:	2301      	movs	r3, #1
 8000336:	603b      	str	r3, [r7, #0]
 8000338:	e001      	b.n	800033e <set_sys_clock+0x4e>
  }
  else
  {
    HSEStatus = (uint32_t)0x00;
 800033a:	2300      	movs	r3, #0
 800033c:	603b      	str	r3, [r7, #0]
  }

  if (HSEStatus == (uint32_t)0x01)
 800033e:	683b      	ldr	r3, [r7, #0]
 8000340:	2b01      	cmp	r3, #1
 8000342:	d142      	bne.n	80003ca <set_sys_clock+0xda>
  {
    /* Enable high performance mode, System frequency up to 168 MHz */
    RCC->APB1ENR |= RCC_APB1ENR_PWREN;
 8000344:	4a23      	ldr	r2, [pc, #140]	; (80003d4 <set_sys_clock+0xe4>)
 8000346:	4b23      	ldr	r3, [pc, #140]	; (80003d4 <set_sys_clock+0xe4>)
 8000348:	6c1b      	ldr	r3, [r3, #64]	; 0x40
 800034a:	f043 5380 	orr.w	r3, r3, #268435456	; 0x10000000
 800034e:	6413      	str	r3, [r2, #64]	; 0x40
    PWR->CR |= PWR_CR_PMODE;  
 8000350:	4a21      	ldr	r2, [pc, #132]	; (80003d8 <set_sys_clock+0xe8>)
 8000352:	4b21      	ldr	r3, [pc, #132]	; (80003d8 <set_sys_clock+0xe8>)
 8000354:	681b      	ldr	r3, [r3, #0]
 8000356:	f443 4380 	orr.w	r3, r3, #16384	; 0x4000
 800035a:	6013      	str	r3, [r2, #0]

    /* HCLK = SYSCLK / 1*/
    RCC->CFGR |= RCC_CFGR_HPRE_DIV1;
 800035c:	4a1d      	ldr	r2, [pc, #116]	; (80003d4 <set_sys_clock+0xe4>)
 800035e:	4b1d      	ldr	r3, [pc, #116]	; (80003d4 <set_sys_clock+0xe4>)
 8000360:	689b      	ldr	r3, [r3, #8]
 8000362:	6093      	str	r3, [r2, #8]
      
    /* PCLK2 = HCLK / 2*/
    RCC->CFGR |= RCC_CFGR_PPRE2_DIV2;
 8000364:	4a1b      	ldr	r2, [pc, #108]	; (80003d4 <set_sys_clock+0xe4>)
 8000366:	4b1b      	ldr	r3, [pc, #108]	; (80003d4 <set_sys_clock+0xe4>)
 8000368:	689b      	ldr	r3, [r3, #8]
 800036a:	f443 4300 	orr.w	r3, r3, #32768	; 0x8000
 800036e:	6093      	str	r3, [r2, #8]
    
    /* PCLK1 = HCLK / 4*/
    RCC->CFGR |= RCC_CFGR_PPRE1_DIV4;
 8000370:	4a18      	ldr	r2, [pc, #96]	; (80003d4 <set_sys_clock+0xe4>)
 8000372:	4b18      	ldr	r3, [pc, #96]	; (80003d4 <set_sys_clock+0xe4>)
 8000374:	689b      	ldr	r3, [r3, #8]
 8000376:	f443 53a0 	orr.w	r3, r3, #5120	; 0x1400
 800037a:	6093      	str	r3, [r2, #8]

    /* Configure the main PLL */
    RCC->PLLCFGR = PLL_M | (PLL_N << 6) | (((PLL_P >> 1) -1) << 16) |
 800037c:	4b15      	ldr	r3, [pc, #84]	; (80003d4 <set_sys_clock+0xe4>)
 800037e:	4a17      	ldr	r2, [pc, #92]	; (80003dc <set_sys_clock+0xec>)
 8000380:	605a      	str	r2, [r3, #4]
                   (RCC_PLLCFGR_PLLSRC_HSE) | (PLL_Q << 24);

    /* Enable the main PLL */
    RCC->CR |= RCC_CR_PLLON;
 8000382:	4a14      	ldr	r2, [pc, #80]	; (80003d4 <set_sys_clock+0xe4>)
 8000384:	4b13      	ldr	r3, [pc, #76]	; (80003d4 <set_sys_clock+0xe4>)
 8000386:	681b      	ldr	r3, [r3, #0]
 8000388:	f043 7380 	orr.w	r3, r3, #16777216	; 0x1000000
 800038c:	6013      	str	r3, [r2, #0]

    /* Wait till the main PLL is ready */
    while((RCC->CR & RCC_CR_PLLRDY) == 0) { }
 800038e:	bf00      	nop
 8000390:	4b10      	ldr	r3, [pc, #64]	; (80003d4 <set_sys_clock+0xe4>)
 8000392:	681b      	ldr	r3, [r3, #0]
 8000394:	f003 7300 	and.w	r3, r3, #33554432	; 0x2000000
 8000398:	2b00      	cmp	r3, #0
 800039a:	d0f9      	beq.n	8000390 <set_sys_clock+0xa0>
   
    /* Configure Flash prefetch, Instruction cache, Data cache and wait state */
    FLASH->ACR = FLASH_ACR_ICEN |FLASH_ACR_DCEN |FLASH_ACR_LATENCY_5WS;
 800039c:	4b10      	ldr	r3, [pc, #64]	; (80003e0 <set_sys_clock+0xf0>)
 800039e:	f240 6205 	movw	r2, #1541	; 0x605
 80003a2:	601a      	str	r2, [r3, #0]

    /* Select the main PLL as system clock source */
    RCC->CFGR &= (uint32_t)((uint32_t)~(RCC_CFGR_SW));
 80003a4:	4a0b      	ldr	r2, [pc, #44]	; (80003d4 <set_sys_clock+0xe4>)
 80003a6:	4b0b      	ldr	r3, [pc, #44]	; (80003d4 <set_sys_clock+0xe4>)
 80003a8:	689b      	ldr	r3, [r3, #8]
 80003aa:	f023 0303 	bic.w	r3, r3, #3
 80003ae:	6093      	str	r3, [r2, #8]
    RCC->CFGR |= RCC_CFGR_SW_PLL;
 80003b0:	4a08      	ldr	r2, [pc, #32]	; (80003d4 <set_sys_clock+0xe4>)
 80003b2:	4b08      	ldr	r3, [pc, #32]	; (80003d4 <set_sys_clock+0xe4>)
 80003b4:	689b      	ldr	r3, [r3, #8]
 80003b6:	f043 0302 	orr.w	r3, r3, #2
 80003ba:	6093      	str	r3, [r2, #8]

    /* Wait till the main PLL is used as system clock source */
    while ((RCC->CFGR & (uint32_t)RCC_CFGR_SWS ) != RCC_CFGR_SWS_PLL);
 80003bc:	bf00      	nop
 80003be:	4b05      	ldr	r3, [pc, #20]	; (80003d4 <set_sys_clock+0xe4>)
 80003c0:	689b      	ldr	r3, [r3, #8]
 80003c2:	f003 030c 	and.w	r3, r3, #12
 80003c6:	2b08      	cmp	r3, #8
 80003c8:	d1f9      	bne.n	80003be <set_sys_clock+0xce>
  }
  else
  { /* If HSE fails to start-up, the application will have wrong clock
         configuration. User can add here some code to deal with this error */
  }
}
 80003ca:	370c      	adds	r7, #12
 80003cc:	46bd      	mov	sp, r7
 80003ce:	f85d 7b04 	ldr.w	r7, [sp], #4
 80003d2:	4770      	bx	lr
 80003d4:	40023800 	.word	0x40023800
 80003d8:	40007000 	.word	0x40007000
 80003dc:	07405408 	.word	0x07405408
 80003e0:	40023c00 	.word	0x40023c00

080003e4 <copy_fastcode>:

static void copy_fastcode(void)
{
 80003e4:	b480      	push	{r7}
 80003e6:	b083      	sub	sp, #12
 80003e8:	af00      	add	r7, sp, #0
    uint32_t* load = &__fastcode_load;
 80003ea:	4b0b      	ldr	r3, [pc, #44]	; (8000418 <copy_fastcode+0x34>)
 80003ec:	607b      	str	r3, [r7, #4]
    uint32_t* data = &__fastcode_start;
 80003ee:	4b0b      	ldr	r3, [pc, #44]	; (800041c <copy_fastcode+0x38>)
 80003f0:	603b      	str	r3, [r7, #0]

    while(data < &__fastcode_end){
 80003f2:	e007      	b.n	8000404 <copy_fastcode+0x20>
        *(data++) = *(load++);
 80003f4:	683b      	ldr	r3, [r7, #0]
 80003f6:	1d1a      	adds	r2, r3, #4
 80003f8:	603a      	str	r2, [r7, #0]
 80003fa:	687a      	ldr	r2, [r7, #4]
 80003fc:	1d11      	adds	r1, r2, #4
 80003fe:	6079      	str	r1, [r7, #4]
 8000400:	6812      	ldr	r2, [r2, #0]
 8000402:	601a      	str	r2, [r3, #0]
static void copy_fastcode(void)
{
    uint32_t* load = &__fastcode_load;
    uint32_t* data = &__fastcode_start;

    while(data < &__fastcode_end){
 8000404:	683b      	ldr	r3, [r7, #0]
 8000406:	4a06      	ldr	r2, [pc, #24]	; (8000420 <copy_fastcode+0x3c>)
 8000408:	4293      	cmp	r3, r2
 800040a:	d3f3      	bcc.n	80003f4 <copy_fastcode+0x10>
        *(data++) = *(load++);
    }
}
 800040c:	370c      	adds	r7, #12
 800040e:	46bd      	mov	sp, r7
 8000410:	f85d 7b04 	ldr.w	r7, [sp], #4
 8000414:	4770      	bx	lr
 8000416:	bf00      	nop
 8000418:	08001cdc 	.word	0x08001cdc
 800041c:	20000474 	.word	0x20000474
 8000420:	20000490 	.word	0x20000490

08000424 <NMI_Handler>:
/******************************************************************************/
/*            Cortex-M4 Processor Exceptions Handlers                         */
/******************************************************************************/

void NMI_Handler(void)
{
 8000424:	b480      	push	{r7}
 8000426:	af00      	add	r7, sp, #0
}
 8000428:	46bd      	mov	sp, r7
 800042a:	f85d 7b04 	ldr.w	r7, [sp], #4
 800042e:	4770      	bx	lr

08000430 <HardFault_Handler>:

void HardFault_Handler(void)
{
 8000430:	b480      	push	{r7}
 8000432:	af00      	add	r7, sp, #0
  /* Go to infinite loop when Hard Fault exception occurs */
  while (1)
  {
  }
 8000434:	e7fe      	b.n	8000434 <HardFault_Handler+0x4>
 8000436:	bf00      	nop

08000438 <MemManage_Handler>:
}

void MemManage_Handler(void)
{
 8000438:	b480      	push	{r7}
 800043a:	af00      	add	r7, sp, #0
  /* Go to infinite loop when Memory Manage exception occurs */
  while (1)
  {
  }
 800043c:	e7fe      	b.n	800043c <MemManage_Handler+0x4>
 800043e:	bf00      	nop

08000440 <BusFault_Handler>:
}

void BusFault_Handler(void)
{
 8000440:	b480      	push	{r7}
 8000442:	af00      	add	r7, sp, #0
  /* Go to infinite loop when Bus Fault exception occurs */
  while (1)
  {
  }
 8000444:	e7fe      	b.n	8000444 <BusFault_Handler+0x4>
 8000446:	bf00      	nop

08000448 <UsageFault_Handler>:
}

void UsageFault_Handler(void)
{
 8000448:	b480      	push	{r7}
 800044a:	af00      	add	r7, sp, #0
  /* Go to infinite loop when Usage Fault exception occurs */
  while (1)
  {
  }
 800044c:	e7fe      	b.n	800044c <UsageFault_Handler+0x4>
 800044e:	bf00      	nop

08000450 <SVC_Handler>:
}

/* SVCall exception handler */
void SVC_Handler(void)
{
 8000450:	b480      	push	{r7}
 8000452:	af00      	add	r7, sp, #0
}
 8000454:	46bd      	mov	sp, r7
 8000456:	f85d 7b04 	ldr.w	r7, [sp], #4
 800045a:	4770      	bx	lr

0800045c <DebugMon_Handler>:

void DebugMon_Handler(void)
{
 800045c:	b480      	push	{r7}
 800045e:	af00      	add	r7, sp, #0
}
 8000460:	46bd      	mov	sp, r7
 8000462:	f85d 7b04 	ldr.w	r7, [sp], #4
 8000466:	4770      	bx	lr

08000468 <PendSV_Handler>:

/* PendSVC exception handler */
void PendSV_Handler(void)
{
 8000468:	b480      	push	{r7}
 800046a:	af00      	add	r7, sp, #0
}
 800046c:	46bd      	mov	sp, r7
 800046e:	f85d 7b04 	ldr.w	r7, [sp], #4
 8000472:	4770      	bx	lr

08000474 <SysTick_Handler>:

/* SysTick Handler */
void SysTick_Handler(void)
{
 8000474:	b480      	push	{r7}
 8000476:	af00      	add	r7, sp, #0
  __stm32_tick++;
 8000478:	4b04      	ldr	r3, [pc, #16]	; (800048c <SysTick_Handler+0x18>)
 800047a:	681b      	ldr	r3, [r3, #0]
 800047c:	3301      	adds	r3, #1
 800047e:	4a03      	ldr	r2, [pc, #12]	; (800048c <SysTick_Handler+0x18>)
 8000480:	6013      	str	r3, [r2, #0]
}
 8000482:	46bd      	mov	sp, r7
 8000484:	f85d 7b04 	ldr.w	r7, [sp], #4
 8000488:	4770      	bx	lr
 800048a:	bf00      	nop
 800048c:	20000470 	.word	0x20000470

08000490 <main>:

void fast_increment(uint32_t * i);
void fast_calc(void);
/* main C entry point - should never return */
void main(void)
{
 8000490:	b580      	push	{r7, lr}
 8000492:	b082      	sub	sp, #8
 8000494:	af00      	add	r7, sp, #0
    RCC->AHB1ENR|=RCC_AHB1ENR_GPIODEN;
 8000496:	4a1c      	ldr	r2, [pc, #112]	; (8000508 <main+0x78>)
 8000498:	4b1b      	ldr	r3, [pc, #108]	; (8000508 <main+0x78>)
 800049a:	6b1b      	ldr	r3, [r3, #48]	; 0x30
 800049c:	f043 0308 	orr.w	r3, r3, #8
 80004a0:	6313      	str	r3, [r2, #48]	; 0x30

    /*Configure pins */
    GPIOD->MODER|=GPIO_MODER_MODER15_0;
 80004a2:	4a1a      	ldr	r2, [pc, #104]	; (800050c <main+0x7c>)
 80004a4:	4b19      	ldr	r3, [pc, #100]	; (800050c <main+0x7c>)
 80004a6:	681b      	ldr	r3, [r3, #0]
 80004a8:	f043 4380 	orr.w	r3, r3, #1073741824	; 0x40000000
 80004ac:	6013      	str	r3, [r2, #0]
    GPIOD->MODER|=GPIO_MODER_MODER14_0;
 80004ae:	4a17      	ldr	r2, [pc, #92]	; (800050c <main+0x7c>)
 80004b0:	4b16      	ldr	r3, [pc, #88]	; (800050c <main+0x7c>)
 80004b2:	681b      	ldr	r3, [r3, #0]
 80004b4:	f043 5380 	orr.w	r3, r3, #268435456	; 0x10000000
 80004b8:	6013      	str	r3, [r2, #0]
    GPIOD->MODER|=GPIO_MODER_MODER13_0;
 80004ba:	4a14      	ldr	r2, [pc, #80]	; (800050c <main+0x7c>)
 80004bc:	4b13      	ldr	r3, [pc, #76]	; (800050c <main+0x7c>)
 80004be:	681b      	ldr	r3, [r3, #0]
 80004c0:	f043 6380 	orr.w	r3, r3, #67108864	; 0x4000000
 80004c4:	6013      	str	r3, [r2, #0]
    GPIOD->MODER|=GPIO_MODER_MODER12_0;
 80004c6:	4a11      	ldr	r2, [pc, #68]	; (800050c <main+0x7c>)
 80004c8:	4b10      	ldr	r3, [pc, #64]	; (800050c <main+0x7c>)
 80004ca:	681b      	ldr	r3, [r3, #0]
 80004cc:	f043 7380 	orr.w	r3, r3, #16777216	; 0x1000000
 80004d0:	6013      	str	r3, [r2, #0]
    uint32_t i=0;
 80004d2:	2300      	movs	r3, #0
 80004d4:	607b      	str	r3, [r7, #4]
    uint32_t result;
    int led_val = 0;
 80004d6:	2300      	movs	r3, #0
 80004d8:	603b      	str	r3, [r7, #0]

    for EVER
    {
	if(led_val){
 80004da:	683b      	ldr	r3, [r7, #0]
 80004dc:	2b00      	cmp	r3, #0
 80004de:	d006      	beq.n	80004ee <main+0x5e>
	    led_val = 0;
 80004e0:	2300      	movs	r3, #0
 80004e2:	603b      	str	r3, [r7, #0]
	    GPIOD->BSRRL = 0xFFFF;
 80004e4:	4b09      	ldr	r3, [pc, #36]	; (800050c <main+0x7c>)
 80004e6:	f64f 72ff 	movw	r2, #65535	; 0xffff
 80004ea:	831a      	strh	r2, [r3, #24]
 80004ec:	e005      	b.n	80004fa <main+0x6a>
	}
	else {
	    led_val = 1;
 80004ee:	2301      	movs	r3, #1
 80004f0:	603b      	str	r3, [r7, #0]
	    GPIOD->BSRRH = 0xFFFF;
 80004f2:	4b06      	ldr	r3, [pc, #24]	; (800050c <main+0x7c>)
 80004f4:	f64f 72ff 	movw	r2, #65535	; 0xffff
 80004f8:	835a      	strh	r2, [r3, #26]
	}
        i++;
 80004fa:	687b      	ldr	r3, [r7, #4]
 80004fc:	3301      	adds	r3, #1
 80004fe:	607b      	str	r3, [r7, #4]
        fast_calc();
 8000500:	f000 f806 	bl	8000510 <fast_calc>
    }
 8000504:	e7e9      	b.n	80004da <main+0x4a>
 8000506:	bf00      	nop
 8000508:	40023800 	.word	0x40023800
 800050c:	40020c00 	.word	0x40020c00

08000510 <fast_calc>:
{
    (*i)++;
}

//__attribute__ ((section (".fastcode"))) 
void fast_calc(void){
 8000510:	b580      	push	{r7, lr}
 8000512:	b084      	sub	sp, #16
 8000514:	af00      	add	r7, sp, #0
	float i = 6.2;
 8000516:	4b0b      	ldr	r3, [pc, #44]	; (8000544 <fast_calc+0x34>)
 8000518:	60bb      	str	r3, [r7, #8]
	int j = 0;
 800051a:	2300      	movs	r3, #0
 800051c:	60fb      	str	r3, [r7, #12]
	float k;
	for(j = 0; j < 100000; j++){
 800051e:	2300      	movs	r3, #0
 8000520:	60fb      	str	r3, [r7, #12]
 8000522:	e008      	b.n	8000536 <fast_calc+0x26>
		k = sinf(i);
 8000524:	ed97 0a02 	vldr	s0, [r7, #8]
 8000528:	f000 f9ae 	bl	8000888 <sinf>
 800052c:	ed87 0a01 	vstr	s0, [r7, #4]
//__attribute__ ((section (".fastcode"))) 
void fast_calc(void){
	float i = 6.2;
	int j = 0;
	float k;
	for(j = 0; j < 100000; j++){
 8000530:	68fb      	ldr	r3, [r7, #12]
 8000532:	3301      	adds	r3, #1
 8000534:	60fb      	str	r3, [r7, #12]
 8000536:	68fb      	ldr	r3, [r7, #12]
 8000538:	4a03      	ldr	r2, [pc, #12]	; (8000548 <fast_calc+0x38>)
 800053a:	4293      	cmp	r3, r2
 800053c:	ddf2      	ble.n	8000524 <fast_calc+0x14>
		k = sinf(i);
	}
}
 800053e:	3710      	adds	r7, #16
 8000540:	46bd      	mov	sp, r7
 8000542:	bd80      	pop	{r7, pc}
 8000544:	40c66666 	.word	0x40c66666
 8000548:	0001869f 	.word	0x0001869f
 800054c:	08001888 	.word	0x08001888
 8000550:	20000000 	.word	0x20000000
 8000554:	20000444 	.word	0x20000444
 8000558:	20000454 	.word	0x20000454
 800055c:	20000474 	.word	0x20000474

08000560 <Reset_Handler>:
  .weak  Reset_Handler
  .type  Reset_Handler, %function

Reset_Handler:  
/* Copy the data segment initializers from flash to SRAM */  
  movs  r1, #0
 8000560:	2100      	movs	r1, #0
  b  LoopCopyDataInit
 8000562:	e003      	b.n	800056c <LoopCopyDataInit>

08000564 <CopyDataInit>:

CopyDataInit:
  ldr  r3, =_sidata
 8000564:	4b0d      	ldr	r3, [pc, #52]	; (800059c <LoopFillZerobss+0x1c>)
  ldr  r3, [r3, r1]
 8000566:	585b      	ldr	r3, [r3, r1]
  str  r3, [r0, r1]
 8000568:	5043      	str	r3, [r0, r1]
  adds  r1, r1, #4
 800056a:	3104      	adds	r1, #4

0800056c <LoopCopyDataInit>:
    
LoopCopyDataInit:
  ldr  r0, =_sdata
 800056c:	480c      	ldr	r0, [pc, #48]	; (80005a0 <LoopFillZerobss+0x20>)
  ldr  r3, =_edata
 800056e:	4b0d      	ldr	r3, [pc, #52]	; (80005a4 <LoopFillZerobss+0x24>)
  adds  r2, r0, r1
 8000570:	1842      	adds	r2, r0, r1
  cmp  r2, r3
 8000572:	429a      	cmp	r2, r3
  bcc  CopyDataInit
 8000574:	d3f6      	bcc.n	8000564 <CopyDataInit>
  ldr  r2, =_sbss
 8000576:	4a0c      	ldr	r2, [pc, #48]	; (80005a8 <LoopFillZerobss+0x28>)
  b  LoopFillZerobss
 8000578:	e002      	b.n	8000580 <LoopFillZerobss>

0800057a <FillZerobss>:

/* Zero fill the bss segment. */  
FillZerobss:
  movs  r3, #0
 800057a:	2300      	movs	r3, #0
  str  r3, [r2], #4
 800057c:	f842 3b04 	str.w	r3, [r2], #4

08000580 <LoopFillZerobss>:
    
LoopFillZerobss:
  ldr  r3, = _ebss
 8000580:	4b0a      	ldr	r3, [pc, #40]	; (80005ac <LoopFillZerobss+0x2c>)
  cmp  r2, r3
 8000582:	429a      	cmp	r2, r3
  bcc  FillZerobss
 8000584:	d3f9      	bcc.n	800057a <FillZerobss>

/* FPU settings */
/* Enable CP10,CP11: Privileged and User mode access to coprocessor */
 ldr     r0, =0xE000ED88           
 8000586:	480a      	ldr	r0, [pc, #40]	; (80005b0 <LoopFillZerobss+0x30>)
 ldr     r1,[r0]
 8000588:	6801      	ldr	r1, [r0, #0]
 orr     r1,r1,#(0xF << 20)
 800058a:	f441 0170 	orr.w	r1, r1, #15728640	; 0xf00000
 str     r1,[r0]
 800058e:	6001      	str	r1, [r0, #0]

/* TODO: Add stack painting here */

/* Call the clock system intitialization function.*/
  bl  low_level_init   
 8000590:	f7ff fe80 	bl	8000294 <low_level_init>

/* Call the application's entry point.*/
  bl  main  /* Enter the C/C++ code */
 8000594:	f7ff ff7c 	bl	8000490 <main>
  bx  lr    
 8000598:	4770      	bx	lr
  swi 0x0  /* cause exception if main() ever returns */
 800059a:	df00      	svc	0
/* Copy the data segment initializers from flash to SRAM */  
  movs  r1, #0
  b  LoopCopyDataInit

CopyDataInit:
  ldr  r3, =_sidata
 800059c:	08001888 	.word	0x08001888
  ldr  r3, [r3, r1]
  str  r3, [r0, r1]
  adds  r1, r1, #4
    
LoopCopyDataInit:
  ldr  r0, =_sdata
 80005a0:	20000000 	.word	0x20000000
  ldr  r3, =_edata
 80005a4:	20000444 	.word	0x20000444
  adds  r2, r0, r1
  cmp  r2, r3
  bcc  CopyDataInit
  ldr  r2, =_sbss
 80005a8:	20000454 	.word	0x20000454
FillZerobss:
  movs  r3, #0
  str  r3, [r2], #4
    
LoopFillZerobss:
  ldr  r3, = _ebss
 80005ac:	20000474 	.word	0x20000474
  cmp  r2, r3
  bcc  FillZerobss

/* FPU settings */
/* Enable CP10,CP11: Privileged and User mode access to coprocessor */
 ldr     r0, =0xE000ED88           
 80005b0:	e000ed88 	.word	0xe000ed88

080005b4 <ADC_IRQHandler>:
 * @retval None       
*/
    .section  .text.Default_Handler,"ax",%progbits
Default_Handler:
Infinite_Loop:
  b  Infinite_Loop
 80005b4:	e7fe      	b.n	80005b4 <ADC_IRQHandler>
	...

080005b8 <atexit>:
 80005b8:	4601      	mov	r1, r0
 80005ba:	2000      	movs	r0, #0
 80005bc:	4602      	mov	r2, r0
 80005be:	4603      	mov	r3, r0
 80005c0:	f000 b89c 	b.w	80006fc <__register_exitproc>

080005c4 <exit>:
 80005c4:	b508      	push	{r3, lr}
 80005c6:	2100      	movs	r1, #0
 80005c8:	4604      	mov	r4, r0
 80005ca:	f000 f8f3 	bl	80007b4 <__call_exitprocs>
 80005ce:	4b04      	ldr	r3, [pc, #16]	; (80005e0 <exit+0x1c>)
 80005d0:	6818      	ldr	r0, [r3, #0]
 80005d2:	6bc3      	ldr	r3, [r0, #60]	; 0x3c
 80005d4:	b103      	cbz	r3, 80005d8 <exit+0x14>
 80005d6:	4798      	blx	r3
 80005d8:	4620      	mov	r0, r4
 80005da:	f000 ff5b 	bl	8001494 <_exit>
 80005de:	bf00      	nop
 80005e0:	0800149c 	.word	0x0800149c

080005e4 <__libc_fini_array>:
 80005e4:	b538      	push	{r3, r4, r5, lr}
 80005e6:	4b08      	ldr	r3, [pc, #32]	; (8000608 <__libc_fini_array+0x24>)
 80005e8:	4d08      	ldr	r5, [pc, #32]	; (800060c <__libc_fini_array+0x28>)
 80005ea:	1aed      	subs	r5, r5, r3
 80005ec:	10ac      	asrs	r4, r5, #2
 80005ee:	bf18      	it	ne
 80005f0:	18ed      	addne	r5, r5, r3
 80005f2:	d005      	beq.n	8000600 <__libc_fini_array+0x1c>
 80005f4:	3c01      	subs	r4, #1
 80005f6:	f855 3d04 	ldr.w	r3, [r5, #-4]!
 80005fa:	4798      	blx	r3
 80005fc:	2c00      	cmp	r4, #0
 80005fe:	d1f9      	bne.n	80005f4 <__libc_fini_array+0x10>
 8000600:	e8bd 4038 	ldmia.w	sp!, {r3, r4, r5, lr}
 8000604:	f001 b93a 	b.w	800187c <_fini>
	...

08000610 <__libc_init_array>:
 8000610:	b570      	push	{r4, r5, r6, lr}
 8000612:	4e0f      	ldr	r6, [pc, #60]	; (8000650 <__libc_init_array+0x40>)
 8000614:	4d0f      	ldr	r5, [pc, #60]	; (8000654 <__libc_init_array+0x44>)
 8000616:	1b76      	subs	r6, r6, r5
 8000618:	10b6      	asrs	r6, r6, #2
 800061a:	bf18      	it	ne
 800061c:	2400      	movne	r4, #0
 800061e:	d005      	beq.n	800062c <__libc_init_array+0x1c>
 8000620:	3401      	adds	r4, #1
 8000622:	f855 3b04 	ldr.w	r3, [r5], #4
 8000626:	4798      	blx	r3
 8000628:	42a6      	cmp	r6, r4
 800062a:	d1f9      	bne.n	8000620 <__libc_init_array+0x10>
 800062c:	4e0a      	ldr	r6, [pc, #40]	; (8000658 <__libc_init_array+0x48>)
 800062e:	4d0b      	ldr	r5, [pc, #44]	; (800065c <__libc_init_array+0x4c>)
 8000630:	1b76      	subs	r6, r6, r5
 8000632:	f001 f91d 	bl	8001870 <_init>
 8000636:	10b6      	asrs	r6, r6, #2
 8000638:	bf18      	it	ne
 800063a:	2400      	movne	r4, #0
 800063c:	d006      	beq.n	800064c <__libc_init_array+0x3c>
 800063e:	3401      	adds	r4, #1
 8000640:	f855 3b04 	ldr.w	r3, [r5], #4
 8000644:	4798      	blx	r3
 8000646:	42a6      	cmp	r6, r4
 8000648:	d1f9      	bne.n	800063e <__libc_init_array+0x2e>
 800064a:	bd70      	pop	{r4, r5, r6, pc}
 800064c:	bd70      	pop	{r4, r5, r6, pc}
 800064e:	bf00      	nop
	...

08000660 <memset>:
 8000660:	b470      	push	{r4, r5, r6}
 8000662:	0784      	lsls	r4, r0, #30
 8000664:	d046      	beq.n	80006f4 <memset+0x94>
 8000666:	1e54      	subs	r4, r2, #1
 8000668:	2a00      	cmp	r2, #0
 800066a:	d041      	beq.n	80006f0 <memset+0x90>
 800066c:	b2cd      	uxtb	r5, r1
 800066e:	4603      	mov	r3, r0
 8000670:	e002      	b.n	8000678 <memset+0x18>
 8000672:	1e62      	subs	r2, r4, #1
 8000674:	b3e4      	cbz	r4, 80006f0 <memset+0x90>
 8000676:	4614      	mov	r4, r2
 8000678:	f803 5b01 	strb.w	r5, [r3], #1
 800067c:	079a      	lsls	r2, r3, #30
 800067e:	d1f8      	bne.n	8000672 <memset+0x12>
 8000680:	2c03      	cmp	r4, #3
 8000682:	d92e      	bls.n	80006e2 <memset+0x82>
 8000684:	b2cd      	uxtb	r5, r1
 8000686:	ea45 2505 	orr.w	r5, r5, r5, lsl #8
 800068a:	2c0f      	cmp	r4, #15
 800068c:	ea45 4505 	orr.w	r5, r5, r5, lsl #16
 8000690:	d919      	bls.n	80006c6 <memset+0x66>
 8000692:	f103 0210 	add.w	r2, r3, #16
 8000696:	4626      	mov	r6, r4
 8000698:	3e10      	subs	r6, #16
 800069a:	2e0f      	cmp	r6, #15
 800069c:	f842 5c10 	str.w	r5, [r2, #-16]
 80006a0:	f842 5c0c 	str.w	r5, [r2, #-12]
 80006a4:	f842 5c08 	str.w	r5, [r2, #-8]
 80006a8:	f842 5c04 	str.w	r5, [r2, #-4]
 80006ac:	f102 0210 	add.w	r2, r2, #16
 80006b0:	d8f2      	bhi.n	8000698 <memset+0x38>
 80006b2:	f1a4 0210 	sub.w	r2, r4, #16
 80006b6:	f022 020f 	bic.w	r2, r2, #15
 80006ba:	f004 040f 	and.w	r4, r4, #15
 80006be:	3210      	adds	r2, #16
 80006c0:	2c03      	cmp	r4, #3
 80006c2:	4413      	add	r3, r2
 80006c4:	d90d      	bls.n	80006e2 <memset+0x82>
 80006c6:	461e      	mov	r6, r3
 80006c8:	4622      	mov	r2, r4
 80006ca:	3a04      	subs	r2, #4
 80006cc:	2a03      	cmp	r2, #3
 80006ce:	f846 5b04 	str.w	r5, [r6], #4
 80006d2:	d8fa      	bhi.n	80006ca <memset+0x6a>
 80006d4:	1f22      	subs	r2, r4, #4
 80006d6:	f022 0203 	bic.w	r2, r2, #3
 80006da:	3204      	adds	r2, #4
 80006dc:	4413      	add	r3, r2
 80006de:	f004 0403 	and.w	r4, r4, #3
 80006e2:	b12c      	cbz	r4, 80006f0 <memset+0x90>
 80006e4:	b2c9      	uxtb	r1, r1
 80006e6:	441c      	add	r4, r3
 80006e8:	f803 1b01 	strb.w	r1, [r3], #1
 80006ec:	42a3      	cmp	r3, r4
 80006ee:	d1fb      	bne.n	80006e8 <memset+0x88>
 80006f0:	bc70      	pop	{r4, r5, r6}
 80006f2:	4770      	bx	lr
 80006f4:	4614      	mov	r4, r2
 80006f6:	4603      	mov	r3, r0
 80006f8:	e7c2      	b.n	8000680 <memset+0x20>
 80006fa:	bf00      	nop

080006fc <__register_exitproc>:
 80006fc:	e92d 47f0 	stmdb	sp!, {r4, r5, r6, r7, r8, r9, sl, lr}
 8000700:	4c25      	ldr	r4, [pc, #148]	; (8000798 <__register_exitproc+0x9c>)
 8000702:	6825      	ldr	r5, [r4, #0]
 8000704:	f8d5 4148 	ldr.w	r4, [r5, #328]	; 0x148
 8000708:	4606      	mov	r6, r0
 800070a:	4688      	mov	r8, r1
 800070c:	4692      	mov	sl, r2
 800070e:	4699      	mov	r9, r3
 8000710:	b3cc      	cbz	r4, 8000786 <__register_exitproc+0x8a>
 8000712:	6860      	ldr	r0, [r4, #4]
 8000714:	281f      	cmp	r0, #31
 8000716:	dc18      	bgt.n	800074a <__register_exitproc+0x4e>
 8000718:	1c43      	adds	r3, r0, #1
 800071a:	b17e      	cbz	r6, 800073c <__register_exitproc+0x40>
 800071c:	eb04 0580 	add.w	r5, r4, r0, lsl #2
 8000720:	2101      	movs	r1, #1
 8000722:	f8c5 a088 	str.w	sl, [r5, #136]	; 0x88
 8000726:	f8d4 7188 	ldr.w	r7, [r4, #392]	; 0x188
 800072a:	fa01 f200 	lsl.w	r2, r1, r0
 800072e:	4317      	orrs	r7, r2
 8000730:	2e02      	cmp	r6, #2
 8000732:	f8c4 7188 	str.w	r7, [r4, #392]	; 0x188
 8000736:	f8c5 9108 	str.w	r9, [r5, #264]	; 0x108
 800073a:	d01e      	beq.n	800077a <__register_exitproc+0x7e>
 800073c:	3002      	adds	r0, #2
 800073e:	6063      	str	r3, [r4, #4]
 8000740:	f844 8020 	str.w	r8, [r4, r0, lsl #2]
 8000744:	2000      	movs	r0, #0
 8000746:	e8bd 87f0 	ldmia.w	sp!, {r4, r5, r6, r7, r8, r9, sl, pc}
 800074a:	4b14      	ldr	r3, [pc, #80]	; (800079c <__register_exitproc+0xa0>)
 800074c:	b303      	cbz	r3, 8000790 <__register_exitproc+0x94>
 800074e:	f44f 70c8 	mov.w	r0, #400	; 0x190
 8000752:	f3af 8000 	nop.w
 8000756:	4604      	mov	r4, r0
 8000758:	b1d0      	cbz	r0, 8000790 <__register_exitproc+0x94>
 800075a:	f8d5 3148 	ldr.w	r3, [r5, #328]	; 0x148
 800075e:	2700      	movs	r7, #0
 8000760:	e880 0088 	stmia.w	r0, {r3, r7}
 8000764:	f8c5 4148 	str.w	r4, [r5, #328]	; 0x148
 8000768:	4638      	mov	r0, r7
 800076a:	2301      	movs	r3, #1
 800076c:	f8c4 7188 	str.w	r7, [r4, #392]	; 0x188
 8000770:	f8c4 718c 	str.w	r7, [r4, #396]	; 0x18c
 8000774:	2e00      	cmp	r6, #0
 8000776:	d0e1      	beq.n	800073c <__register_exitproc+0x40>
 8000778:	e7d0      	b.n	800071c <__register_exitproc+0x20>
 800077a:	f8d4 118c 	ldr.w	r1, [r4, #396]	; 0x18c
 800077e:	430a      	orrs	r2, r1
 8000780:	f8c4 218c 	str.w	r2, [r4, #396]	; 0x18c
 8000784:	e7da      	b.n	800073c <__register_exitproc+0x40>
 8000786:	f505 74a6 	add.w	r4, r5, #332	; 0x14c
 800078a:	f8c5 4148 	str.w	r4, [r5, #328]	; 0x148
 800078e:	e7c0      	b.n	8000712 <__register_exitproc+0x16>
 8000790:	f04f 30ff 	mov.w	r0, #4294967295	; 0xffffffff
 8000794:	e8bd 87f0 	ldmia.w	sp!, {r4, r5, r6, r7, r8, r9, sl, pc}
 8000798:	0800149c 	.word	0x0800149c
 800079c:	00000000 	.word	0x00000000

080007a0 <register_fini>:
 80007a0:	4b02      	ldr	r3, [pc, #8]	; (80007ac <register_fini+0xc>)
 80007a2:	b113      	cbz	r3, 80007aa <register_fini+0xa>
 80007a4:	4802      	ldr	r0, [pc, #8]	; (80007b0 <register_fini+0x10>)
 80007a6:	f7ff bf07 	b.w	80005b8 <atexit>
 80007aa:	4770      	bx	lr
 80007ac:	00000000 	.word	0x00000000
 80007b0:	080005e5 	.word	0x080005e5

080007b4 <__call_exitprocs>:
 80007b4:	e92d 4ff0 	stmdb	sp!, {r4, r5, r6, r7, r8, r9, sl, fp, lr}
 80007b8:	4b31      	ldr	r3, [pc, #196]	; (8000880 <__call_exitprocs+0xcc>)
 80007ba:	b083      	sub	sp, #12
 80007bc:	681b      	ldr	r3, [r3, #0]
 80007be:	9300      	str	r3, [sp, #0]
 80007c0:	f503 73a4 	add.w	r3, r3, #328	; 0x148
 80007c4:	4681      	mov	r9, r0
 80007c6:	460e      	mov	r6, r1
 80007c8:	9301      	str	r3, [sp, #4]
 80007ca:	9b00      	ldr	r3, [sp, #0]
 80007cc:	f8d3 7148 	ldr.w	r7, [r3, #328]	; 0x148
 80007d0:	b327      	cbz	r7, 800081c <__call_exitprocs+0x68>
 80007d2:	f8dd a004 	ldr.w	sl, [sp, #4]
 80007d6:	687c      	ldr	r4, [r7, #4]
 80007d8:	1e65      	subs	r5, r4, #1
 80007da:	d40e      	bmi.n	80007fa <__call_exitprocs+0x46>
 80007dc:	3401      	adds	r4, #1
 80007de:	eb07 0484 	add.w	r4, r7, r4, lsl #2
 80007e2:	f04f 0800 	mov.w	r8, #0
 80007e6:	b1e6      	cbz	r6, 8000822 <__call_exitprocs+0x6e>
 80007e8:	f8d4 3100 	ldr.w	r3, [r4, #256]	; 0x100
 80007ec:	42b3      	cmp	r3, r6
 80007ee:	d018      	beq.n	8000822 <__call_exitprocs+0x6e>
 80007f0:	3d01      	subs	r5, #1
 80007f2:	1c6b      	adds	r3, r5, #1
 80007f4:	f1a4 0404 	sub.w	r4, r4, #4
 80007f8:	d1f5      	bne.n	80007e6 <__call_exitprocs+0x32>
 80007fa:	4b22      	ldr	r3, [pc, #136]	; (8000884 <__call_exitprocs+0xd0>)
 80007fc:	b173      	cbz	r3, 800081c <__call_exitprocs+0x68>
 80007fe:	687b      	ldr	r3, [r7, #4]
 8000800:	2b00      	cmp	r3, #0
 8000802:	d136      	bne.n	8000872 <__call_exitprocs+0xbe>
 8000804:	683b      	ldr	r3, [r7, #0]
 8000806:	2b00      	cmp	r3, #0
 8000808:	d034      	beq.n	8000874 <__call_exitprocs+0xc0>
 800080a:	4638      	mov	r0, r7
 800080c:	f8ca 3000 	str.w	r3, [sl]
 8000810:	f3af 8000 	nop.w
 8000814:	f8da 7000 	ldr.w	r7, [sl]
 8000818:	2f00      	cmp	r7, #0
 800081a:	d1dc      	bne.n	80007d6 <__call_exitprocs+0x22>
 800081c:	b003      	add	sp, #12
 800081e:	e8bd 8ff0 	ldmia.w	sp!, {r4, r5, r6, r7, r8, r9, sl, fp, pc}
 8000822:	687b      	ldr	r3, [r7, #4]
 8000824:	6822      	ldr	r2, [r4, #0]
 8000826:	3b01      	subs	r3, #1
 8000828:	42ab      	cmp	r3, r5
 800082a:	bf0c      	ite	eq
 800082c:	607d      	streq	r5, [r7, #4]
 800082e:	f8c4 8000 	strne.w	r8, [r4]
 8000832:	2a00      	cmp	r2, #0
 8000834:	d0dc      	beq.n	80007f0 <__call_exitprocs+0x3c>
 8000836:	f8d7 3188 	ldr.w	r3, [r7, #392]	; 0x188
 800083a:	f8d7 b004 	ldr.w	fp, [r7, #4]
 800083e:	2101      	movs	r1, #1
 8000840:	40a9      	lsls	r1, r5
 8000842:	4219      	tst	r1, r3
 8000844:	d108      	bne.n	8000858 <__call_exitprocs+0xa4>
 8000846:	4790      	blx	r2
 8000848:	687b      	ldr	r3, [r7, #4]
 800084a:	455b      	cmp	r3, fp
 800084c:	d1bd      	bne.n	80007ca <__call_exitprocs+0x16>
 800084e:	f8da 3000 	ldr.w	r3, [sl]
 8000852:	42bb      	cmp	r3, r7
 8000854:	d0cc      	beq.n	80007f0 <__call_exitprocs+0x3c>
 8000856:	e7b8      	b.n	80007ca <__call_exitprocs+0x16>
 8000858:	f8d7 318c 	ldr.w	r3, [r7, #396]	; 0x18c
 800085c:	4219      	tst	r1, r3
 800085e:	d104      	bne.n	800086a <__call_exitprocs+0xb6>
 8000860:	4648      	mov	r0, r9
 8000862:	f8d4 1080 	ldr.w	r1, [r4, #128]	; 0x80
 8000866:	4790      	blx	r2
 8000868:	e7ee      	b.n	8000848 <__call_exitprocs+0x94>
 800086a:	f8d4 0080 	ldr.w	r0, [r4, #128]	; 0x80
 800086e:	4790      	blx	r2
 8000870:	e7ea      	b.n	8000848 <__call_exitprocs+0x94>
 8000872:	683b      	ldr	r3, [r7, #0]
 8000874:	46ba      	mov	sl, r7
 8000876:	461f      	mov	r7, r3
 8000878:	2f00      	cmp	r7, #0
 800087a:	d1ac      	bne.n	80007d6 <__call_exitprocs+0x22>
 800087c:	e7ce      	b.n	800081c <__call_exitprocs+0x68>
 800087e:	bf00      	nop
 8000880:	0800149c 	.word	0x0800149c
 8000884:	00000000 	.word	0x00000000

08000888 <sinf>:
 8000888:	b500      	push	{lr}
 800088a:	ee10 3a10 	vmov	r3, s0
 800088e:	4a1b      	ldr	r2, [pc, #108]	; (80008fc <sinf+0x74>)
 8000890:	f023 4300 	bic.w	r3, r3, #2147483648	; 0x80000000
 8000894:	4293      	cmp	r3, r2
 8000896:	b083      	sub	sp, #12
 8000898:	dd1a      	ble.n	80008d0 <sinf+0x48>
 800089a:	f1b3 4fff 	cmp.w	r3, #2139095040	; 0x7f800000
 800089e:	db04      	blt.n	80008aa <sinf+0x22>
 80008a0:	ee30 0a40 	vsub.f32	s0, s0, s0
 80008a4:	b003      	add	sp, #12
 80008a6:	f85d fb04 	ldr.w	pc, [sp], #4
 80008aa:	4668      	mov	r0, sp
 80008ac:	f000 f82a 	bl	8000904 <__ieee754_rem_pio2f>
 80008b0:	f000 0003 	and.w	r0, r0, #3
 80008b4:	2801      	cmp	r0, #1
 80008b6:	ed9d 0a00 	vldr	s0, [sp]
 80008ba:	eddd 0a01 	vldr	s1, [sp, #4]
 80008be:	d015      	beq.n	80008ec <sinf+0x64>
 80008c0:	2802      	cmp	r0, #2
 80008c2:	d00d      	beq.n	80008e0 <sinf+0x58>
 80008c4:	b1a8      	cbz	r0, 80008f2 <sinf+0x6a>
 80008c6:	f000 f965 	bl	8000b94 <__kernel_cosf>
 80008ca:	eeb1 0a40 	vneg.f32	s0, s0
 80008ce:	e7e9      	b.n	80008a4 <sinf+0x1c>
 80008d0:	eddf 0a0b 	vldr	s1, [pc, #44]	; 8000900 <sinf+0x78>
 80008d4:	2000      	movs	r0, #0
 80008d6:	f000 fcd1 	bl	800127c <__kernel_sinf>
 80008da:	b003      	add	sp, #12
 80008dc:	f85d fb04 	ldr.w	pc, [sp], #4
 80008e0:	2001      	movs	r0, #1
 80008e2:	f000 fccb 	bl	800127c <__kernel_sinf>
 80008e6:	eeb1 0a40 	vneg.f32	s0, s0
 80008ea:	e7db      	b.n	80008a4 <sinf+0x1c>
 80008ec:	f000 f952 	bl	8000b94 <__kernel_cosf>
 80008f0:	e7d8      	b.n	80008a4 <sinf+0x1c>
 80008f2:	2001      	movs	r0, #1
 80008f4:	f000 fcc2 	bl	800127c <__kernel_sinf>
 80008f8:	e7d4      	b.n	80008a4 <sinf+0x1c>
 80008fa:	bf00      	nop
 80008fc:	3f490fd8 	.word	0x3f490fd8
 8000900:	00000000 	.word	0x00000000

08000904 <__ieee754_rem_pio2f>:
 8000904:	b570      	push	{r4, r5, r6, lr}
 8000906:	ee10 3a10 	vmov	r3, s0
 800090a:	4a94      	ldr	r2, [pc, #592]	; (8000b5c <__ieee754_rem_pio2f+0x258>)
 800090c:	f023 4400 	bic.w	r4, r3, #2147483648	; 0x80000000
 8000910:	4294      	cmp	r4, r2
 8000912:	b086      	sub	sp, #24
 8000914:	ee10 6a10 	vmov	r6, s0
 8000918:	4605      	mov	r5, r0
 800091a:	dd66      	ble.n	80009ea <__ieee754_rem_pio2f+0xe6>
 800091c:	4a90      	ldr	r2, [pc, #576]	; (8000b60 <__ieee754_rem_pio2f+0x25c>)
 800091e:	4294      	cmp	r4, r2
 8000920:	dc1a      	bgt.n	8000958 <__ieee754_rem_pio2f+0x54>
 8000922:	2b00      	cmp	r3, #0
 8000924:	eddf 7a8f 	vldr	s15, [pc, #572]	; 8000b64 <__ieee754_rem_pio2f+0x260>
 8000928:	4a8f      	ldr	r2, [pc, #572]	; (8000b68 <__ieee754_rem_pio2f+0x264>)
 800092a:	f024 040f 	bic.w	r4, r4, #15
 800092e:	f340 80dd 	ble.w	8000aec <__ieee754_rem_pio2f+0x1e8>
 8000932:	4294      	cmp	r4, r2
 8000934:	ee70 7a67 	vsub.f32	s15, s0, s15
 8000938:	d066      	beq.n	8000a08 <__ieee754_rem_pio2f+0x104>
 800093a:	ed9f 7a8c 	vldr	s14, [pc, #560]	; 8000b6c <__ieee754_rem_pio2f+0x268>
 800093e:	ee77 6ac7 	vsub.f32	s13, s15, s14
 8000942:	2001      	movs	r0, #1
 8000944:	ee77 7ae6 	vsub.f32	s15, s15, s13
 8000948:	edc5 6a00 	vstr	s13, [r5]
 800094c:	ee77 7ac7 	vsub.f32	s15, s15, s14
 8000950:	edc5 7a01 	vstr	s15, [r5, #4]
 8000954:	b006      	add	sp, #24
 8000956:	bd70      	pop	{r4, r5, r6, pc}
 8000958:	4a85      	ldr	r2, [pc, #532]	; (8000b70 <__ieee754_rem_pio2f+0x26c>)
 800095a:	4294      	cmp	r4, r2
 800095c:	dd66      	ble.n	8000a2c <__ieee754_rem_pio2f+0x128>
 800095e:	f1b4 4fff 	cmp.w	r4, #2139095040	; 0x7f800000
 8000962:	da49      	bge.n	80009f8 <__ieee754_rem_pio2f+0xf4>
 8000964:	15e2      	asrs	r2, r4, #23
 8000966:	3a86      	subs	r2, #134	; 0x86
 8000968:	eba4 53c2 	sub.w	r3, r4, r2, lsl #23
 800096c:	ee07 3a10 	vmov	s14, r3
 8000970:	eefd 6ac7 	vcvt.s32.f32	s13, s14
 8000974:	eddf 7a7f 	vldr	s15, [pc, #508]	; 8000b74 <__ieee754_rem_pio2f+0x270>
 8000978:	eef8 6ae6 	vcvt.f32.s32	s13, s13
 800097c:	ee37 7a66 	vsub.f32	s14, s14, s13
 8000980:	edcd 6a03 	vstr	s13, [sp, #12]
 8000984:	ee27 7a27 	vmul.f32	s14, s14, s15
 8000988:	eefd 6ac7 	vcvt.s32.f32	s13, s14
 800098c:	eef8 6ae6 	vcvt.f32.s32	s13, s13
 8000990:	ee37 7a66 	vsub.f32	s14, s14, s13
 8000994:	edcd 6a04 	vstr	s13, [sp, #16]
 8000998:	ee67 7a27 	vmul.f32	s15, s14, s15
 800099c:	eef5 7a40 	vcmp.f32	s15, #0.0
 80009a0:	eef1 fa10 	vmrs	APSR_nzcv, fpscr
 80009a4:	edcd 7a05 	vstr	s15, [sp, #20]
 80009a8:	f040 80b3 	bne.w	8000b12 <__ieee754_rem_pio2f+0x20e>
 80009ac:	eef5 6a40 	vcmp.f32	s13, #0.0
 80009b0:	eef1 fa10 	vmrs	APSR_nzcv, fpscr
 80009b4:	bf14      	ite	ne
 80009b6:	2302      	movne	r3, #2
 80009b8:	2301      	moveq	r3, #1
 80009ba:	496f      	ldr	r1, [pc, #444]	; (8000b78 <__ieee754_rem_pio2f+0x274>)
 80009bc:	2002      	movs	r0, #2
 80009be:	e88d 0003 	stmia.w	sp, {r0, r1}
 80009c2:	a803      	add	r0, sp, #12
 80009c4:	4629      	mov	r1, r5
 80009c6:	f000 f967 	bl	8000c98 <__kernel_rem_pio2f>
 80009ca:	2e00      	cmp	r6, #0
 80009cc:	da12      	bge.n	80009f4 <__ieee754_rem_pio2f+0xf0>
 80009ce:	ed95 7a00 	vldr	s14, [r5]
 80009d2:	edd5 7a01 	vldr	s15, [r5, #4]
 80009d6:	eeb1 7a47 	vneg.f32	s14, s14
 80009da:	eef1 7a67 	vneg.f32	s15, s15
 80009de:	4240      	negs	r0, r0
 80009e0:	ed85 7a00 	vstr	s14, [r5]
 80009e4:	edc5 7a01 	vstr	s15, [r5, #4]
 80009e8:	e004      	b.n	80009f4 <__ieee754_rem_pio2f+0xf0>
 80009ea:	2200      	movs	r2, #0
 80009ec:	ed85 0a00 	vstr	s0, [r5]
 80009f0:	6042      	str	r2, [r0, #4]
 80009f2:	2000      	movs	r0, #0
 80009f4:	b006      	add	sp, #24
 80009f6:	bd70      	pop	{r4, r5, r6, pc}
 80009f8:	ee70 7a40 	vsub.f32	s15, s0, s0
 80009fc:	2000      	movs	r0, #0
 80009fe:	edc5 7a01 	vstr	s15, [r5, #4]
 8000a02:	edc5 7a00 	vstr	s15, [r5]
 8000a06:	e7f5      	b.n	80009f4 <__ieee754_rem_pio2f+0xf0>
 8000a08:	eddf 6a5c 	vldr	s13, [pc, #368]	; 8000b7c <__ieee754_rem_pio2f+0x278>
 8000a0c:	ed9f 7a5c 	vldr	s14, [pc, #368]	; 8000b80 <__ieee754_rem_pio2f+0x27c>
 8000a10:	ee77 7ae6 	vsub.f32	s15, s15, s13
 8000a14:	2001      	movs	r0, #1
 8000a16:	ee77 6ac7 	vsub.f32	s13, s15, s14
 8000a1a:	ee77 7ae6 	vsub.f32	s15, s15, s13
 8000a1e:	edc5 6a00 	vstr	s13, [r5]
 8000a22:	ee77 7ac7 	vsub.f32	s15, s15, s14
 8000a26:	edc5 7a01 	vstr	s15, [r5, #4]
 8000a2a:	e7e3      	b.n	80009f4 <__ieee754_rem_pio2f+0xf0>
 8000a2c:	f000 fc6e 	bl	800130c <fabsf>
 8000a30:	eddf 6a54 	vldr	s13, [pc, #336]	; 8000b84 <__ieee754_rem_pio2f+0x280>
 8000a34:	eddf 5a4b 	vldr	s11, [pc, #300]	; 8000b64 <__ieee754_rem_pio2f+0x260>
 8000a38:	ed9f 7a4c 	vldr	s14, [pc, #304]	; 8000b6c <__ieee754_rem_pio2f+0x268>
 8000a3c:	eef6 7a00 	vmov.f32	s15, #96	; 0x3f000000  0.5
 8000a40:	eee0 7a26 	vfma.f32	s15, s0, s13
 8000a44:	eefd 7ae7 	vcvt.s32.f32	s15, s15
 8000a48:	ee17 0a90 	vmov	r0, s15
 8000a4c:	eef8 6ae7 	vcvt.f32.s32	s13, s15
 8000a50:	281f      	cmp	r0, #31
 8000a52:	eeb1 6a66 	vneg.f32	s12, s13
 8000a56:	eea6 0a25 	vfma.f32	s0, s12, s11
 8000a5a:	ee66 7a87 	vmul.f32	s15, s13, s14
 8000a5e:	dc1d      	bgt.n	8000a9c <__ieee754_rem_pio2f+0x198>
 8000a60:	4a49      	ldr	r2, [pc, #292]	; (8000b88 <__ieee754_rem_pio2f+0x284>)
 8000a62:	1e41      	subs	r1, r0, #1
 8000a64:	f024 03ff 	bic.w	r3, r4, #255	; 0xff
 8000a68:	f852 2021 	ldr.w	r2, [r2, r1, lsl #2]
 8000a6c:	4293      	cmp	r3, r2
 8000a6e:	d015      	beq.n	8000a9c <__ieee754_rem_pio2f+0x198>
 8000a70:	ee30 7a67 	vsub.f32	s14, s0, s15
 8000a74:	ed85 7a00 	vstr	s14, [r5]
 8000a78:	ee30 0a47 	vsub.f32	s0, s0, s14
 8000a7c:	2e00      	cmp	r6, #0
 8000a7e:	ee30 0a67 	vsub.f32	s0, s0, s15
 8000a82:	ed85 0a01 	vstr	s0, [r5, #4]
 8000a86:	dab5      	bge.n	80009f4 <__ieee754_rem_pio2f+0xf0>
 8000a88:	eeb1 7a47 	vneg.f32	s14, s14
 8000a8c:	eeb1 0a40 	vneg.f32	s0, s0
 8000a90:	ed85 7a00 	vstr	s14, [r5]
 8000a94:	ed85 0a01 	vstr	s0, [r5, #4]
 8000a98:	4240      	negs	r0, r0
 8000a9a:	e7ab      	b.n	80009f4 <__ieee754_rem_pio2f+0xf0>
 8000a9c:	ee30 7a67 	vsub.f32	s14, s0, s15
 8000aa0:	15e4      	asrs	r4, r4, #23
 8000aa2:	ee17 3a10 	vmov	r3, s14
 8000aa6:	f3c3 53c7 	ubfx	r3, r3, #23, #8
 8000aaa:	1ae3      	subs	r3, r4, r3
 8000aac:	2b08      	cmp	r3, #8
 8000aae:	dde1      	ble.n	8000a74 <__ieee754_rem_pio2f+0x170>
 8000ab0:	eddf 7a32 	vldr	s15, [pc, #200]	; 8000b7c <__ieee754_rem_pio2f+0x278>
 8000ab4:	ed9f 7a32 	vldr	s14, [pc, #200]	; 8000b80 <__ieee754_rem_pio2f+0x27c>
 8000ab8:	eef0 5a40 	vmov.f32	s11, s0
 8000abc:	eee6 5a27 	vfma.f32	s11, s12, s15
 8000ac0:	ee30 0a65 	vsub.f32	s0, s0, s11
 8000ac4:	eea6 0a27 	vfma.f32	s0, s12, s15
 8000ac8:	eef0 7a40 	vmov.f32	s15, s0
 8000acc:	eed6 7a87 	vfnms.f32	s15, s13, s14
 8000ad0:	ee35 7ae7 	vsub.f32	s14, s11, s15
 8000ad4:	ee17 3a10 	vmov	r3, s14
 8000ad8:	f3c3 53c7 	ubfx	r3, r3, #23, #8
 8000adc:	1ae4      	subs	r4, r4, r3
 8000ade:	2c19      	cmp	r4, #25
 8000ae0:	dc2c      	bgt.n	8000b3c <__ieee754_rem_pio2f+0x238>
 8000ae2:	ed85 7a00 	vstr	s14, [r5]
 8000ae6:	eeb0 0a65 	vmov.f32	s0, s11
 8000aea:	e7c5      	b.n	8000a78 <__ieee754_rem_pio2f+0x174>
 8000aec:	4294      	cmp	r4, r2
 8000aee:	ee70 7a27 	vadd.f32	s15, s0, s15
 8000af2:	d010      	beq.n	8000b16 <__ieee754_rem_pio2f+0x212>
 8000af4:	ed9f 7a1d 	vldr	s14, [pc, #116]	; 8000b6c <__ieee754_rem_pio2f+0x268>
 8000af8:	ee77 6a87 	vadd.f32	s13, s15, s14
 8000afc:	f04f 30ff 	mov.w	r0, #4294967295	; 0xffffffff
 8000b00:	ee77 7ae6 	vsub.f32	s15, s15, s13
 8000b04:	edc5 6a00 	vstr	s13, [r5]
 8000b08:	ee77 7a87 	vadd.f32	s15, s15, s14
 8000b0c:	edc5 7a01 	vstr	s15, [r5, #4]
 8000b10:	e770      	b.n	80009f4 <__ieee754_rem_pio2f+0xf0>
 8000b12:	2303      	movs	r3, #3
 8000b14:	e751      	b.n	80009ba <__ieee754_rem_pio2f+0xb6>
 8000b16:	eddf 6a19 	vldr	s13, [pc, #100]	; 8000b7c <__ieee754_rem_pio2f+0x278>
 8000b1a:	ed9f 7a19 	vldr	s14, [pc, #100]	; 8000b80 <__ieee754_rem_pio2f+0x27c>
 8000b1e:	ee77 7aa6 	vadd.f32	s15, s15, s13
 8000b22:	f04f 30ff 	mov.w	r0, #4294967295	; 0xffffffff
 8000b26:	ee77 6a87 	vadd.f32	s13, s15, s14
 8000b2a:	ee77 7ae6 	vsub.f32	s15, s15, s13
 8000b2e:	edc5 6a00 	vstr	s13, [r5]
 8000b32:	ee77 7a87 	vadd.f32	s15, s15, s14
 8000b36:	edc5 7a01 	vstr	s15, [r5, #4]
 8000b3a:	e75b      	b.n	80009f4 <__ieee754_rem_pio2f+0xf0>
 8000b3c:	ed9f 7a13 	vldr	s14, [pc, #76]	; 8000b8c <__ieee754_rem_pio2f+0x288>
 8000b40:	ed9f 5a13 	vldr	s10, [pc, #76]	; 8000b90 <__ieee754_rem_pio2f+0x28c>
 8000b44:	eeb0 0a65 	vmov.f32	s0, s11
 8000b48:	eea6 0a07 	vfma.f32	s0, s12, s14
 8000b4c:	ee75 7ac0 	vsub.f32	s15, s11, s0
 8000b50:	eee6 7a07 	vfma.f32	s15, s12, s14
 8000b54:	eed6 7a85 	vfnms.f32	s15, s13, s10
 8000b58:	e78a      	b.n	8000a70 <__ieee754_rem_pio2f+0x16c>
 8000b5a:	bf00      	nop
 8000b5c:	3f490fd8 	.word	0x3f490fd8
 8000b60:	4016cbe3 	.word	0x4016cbe3
 8000b64:	3fc90f80 	.word	0x3fc90f80
 8000b68:	3fc90fd0 	.word	0x3fc90fd0
 8000b6c:	37354443 	.word	0x37354443
 8000b70:	43490f80 	.word	0x43490f80
 8000b74:	43800000 	.word	0x43800000
 8000b78:	08001520 	.word	0x08001520
 8000b7c:	37354400 	.word	0x37354400
 8000b80:	2e85a308 	.word	0x2e85a308
 8000b84:	3f22f984 	.word	0x3f22f984
 8000b88:	080014a0 	.word	0x080014a0
 8000b8c:	2e85a300 	.word	0x2e85a300
 8000b90:	248d3132 	.word	0x248d3132

08000b94 <__kernel_cosf>:
 8000b94:	ee10 3a10 	vmov	r3, s0
 8000b98:	f023 4300 	bic.w	r3, r3, #2147483648	; 0x80000000
 8000b9c:	f1b3 5f48 	cmp.w	r3, #838860800	; 0x32000000
 8000ba0:	da2c      	bge.n	8000bfc <__kernel_cosf+0x68>
 8000ba2:	eefd 7ac0 	vcvt.s32.f32	s15, s0
 8000ba6:	ee17 3a90 	vmov	r3, s15
 8000baa:	2b00      	cmp	r3, #0
 8000bac:	d060      	beq.n	8000c70 <__kernel_cosf+0xdc>
 8000bae:	ee20 7a00 	vmul.f32	s14, s0, s0
 8000bb2:	eddf 4a31 	vldr	s9, [pc, #196]	; 8000c78 <__kernel_cosf+0xe4>
 8000bb6:	ed9f 5a31 	vldr	s10, [pc, #196]	; 8000c7c <__kernel_cosf+0xe8>
 8000bba:	eddf 5a31 	vldr	s11, [pc, #196]	; 8000c80 <__kernel_cosf+0xec>
 8000bbe:	ed9f 6a31 	vldr	s12, [pc, #196]	; 8000c84 <__kernel_cosf+0xf0>
 8000bc2:	eddf 7a31 	vldr	s15, [pc, #196]	; 8000c88 <__kernel_cosf+0xf4>
 8000bc6:	eddf 6a31 	vldr	s13, [pc, #196]	; 8000c8c <__kernel_cosf+0xf8>
 8000bca:	eea7 5a24 	vfma.f32	s10, s14, s9
 8000bce:	eee5 5a07 	vfma.f32	s11, s10, s14
 8000bd2:	eea5 6a87 	vfma.f32	s12, s11, s14
 8000bd6:	eee6 7a07 	vfma.f32	s15, s12, s14
 8000bda:	eee7 6a87 	vfma.f32	s13, s15, s14
 8000bde:	ee66 6a87 	vmul.f32	s13, s13, s14
 8000be2:	ee60 0ac0 	vnmul.f32	s1, s1, s0
 8000be6:	eeb6 6a00 	vmov.f32	s12, #96	; 0x3f000000  0.5
 8000bea:	eee7 0a26 	vfma.f32	s1, s14, s13
 8000bee:	eef7 7a00 	vmov.f32	s15, #112	; 0x3f800000  1.0
 8000bf2:	eed7 0a06 	vfnms.f32	s1, s14, s12
 8000bf6:	ee37 0ae0 	vsub.f32	s0, s15, s1
 8000bfa:	4770      	bx	lr
 8000bfc:	ee20 7a00 	vmul.f32	s14, s0, s0
 8000c00:	eddf 4a1d 	vldr	s9, [pc, #116]	; 8000c78 <__kernel_cosf+0xe4>
 8000c04:	ed9f 5a1d 	vldr	s10, [pc, #116]	; 8000c7c <__kernel_cosf+0xe8>
 8000c08:	eddf 5a1d 	vldr	s11, [pc, #116]	; 8000c80 <__kernel_cosf+0xec>
 8000c0c:	ed9f 6a1d 	vldr	s12, [pc, #116]	; 8000c84 <__kernel_cosf+0xf0>
 8000c10:	eddf 7a1d 	vldr	s15, [pc, #116]	; 8000c88 <__kernel_cosf+0xf4>
 8000c14:	eddf 6a1d 	vldr	s13, [pc, #116]	; 8000c8c <__kernel_cosf+0xf8>
 8000c18:	4a1d      	ldr	r2, [pc, #116]	; (8000c90 <__kernel_cosf+0xfc>)
 8000c1a:	eea7 5a24 	vfma.f32	s10, s14, s9
 8000c1e:	4293      	cmp	r3, r2
 8000c20:	eee5 5a07 	vfma.f32	s11, s10, s14
 8000c24:	eea5 6a87 	vfma.f32	s12, s11, s14
 8000c28:	eee6 7a07 	vfma.f32	s15, s12, s14
 8000c2c:	eee7 6a87 	vfma.f32	s13, s15, s14
 8000c30:	ee66 6a87 	vmul.f32	s13, s13, s14
 8000c34:	ddd5      	ble.n	8000be2 <__kernel_cosf+0x4e>
 8000c36:	4a17      	ldr	r2, [pc, #92]	; (8000c94 <__kernel_cosf+0x100>)
 8000c38:	4293      	cmp	r3, r2
 8000c3a:	dc14      	bgt.n	8000c66 <__kernel_cosf+0xd2>
 8000c3c:	f103 437f 	add.w	r3, r3, #4278190080	; 0xff000000
 8000c40:	ee07 3a90 	vmov	s15, r3
 8000c44:	eeb7 6a00 	vmov.f32	s12, #112	; 0x3f800000  1.0
 8000c48:	ee36 6a67 	vsub.f32	s12, s12, s15
 8000c4c:	ee60 0ac0 	vnmul.f32	s1, s1, s0
 8000c50:	eef6 5a00 	vmov.f32	s11, #96	; 0x3f000000  0.5
 8000c54:	eee7 0a26 	vfma.f32	s1, s14, s13
 8000c58:	eed7 7a25 	vfnms.f32	s15, s14, s11
 8000c5c:	ee77 7ae0 	vsub.f32	s15, s15, s1
 8000c60:	ee36 0a67 	vsub.f32	s0, s12, s15
 8000c64:	4770      	bx	lr
 8000c66:	eeb6 6a07 	vmov.f32	s12, #103	; 0x3f380000  0.7187500
 8000c6a:	eef5 7a02 	vmov.f32	s15, #82	; 0x3e900000  0.2812500
 8000c6e:	e7ed      	b.n	8000c4c <__kernel_cosf+0xb8>
 8000c70:	eeb7 0a00 	vmov.f32	s0, #112	; 0x3f800000  1.0
 8000c74:	4770      	bx	lr
 8000c76:	bf00      	nop
 8000c78:	ad47d74e 	.word	0xad47d74e
 8000c7c:	310f74f6 	.word	0x310f74f6
 8000c80:	b493f27c 	.word	0xb493f27c
 8000c84:	37d00d01 	.word	0x37d00d01
 8000c88:	bab60b61 	.word	0xbab60b61
 8000c8c:	3d2aaaab 	.word	0x3d2aaaab
 8000c90:	3e999999 	.word	0x3e999999
 8000c94:	3f480000 	.word	0x3f480000

08000c98 <__kernel_rem_pio2f>:
 8000c98:	e92d 4ff0 	stmdb	sp!, {r4, r5, r6, r7, r8, r9, sl, fp, lr}
 8000c9c:	ed2d 8b04 	vpush	{d8-d9}
 8000ca0:	b0d7      	sub	sp, #348	; 0x15c
 8000ca2:	1e5f      	subs	r7, r3, #1
 8000ca4:	4cd7      	ldr	r4, [pc, #860]	; (8001004 <__kernel_rem_pio2f+0x36c>)
 8000ca6:	9d64      	ldr	r5, [sp, #400]	; 0x190
 8000ca8:	9302      	str	r3, [sp, #8]
 8000caa:	1ed3      	subs	r3, r2, #3
 8000cac:	bf48      	it	mi
 8000cae:	1d13      	addmi	r3, r2, #4
 8000cb0:	f854 6025 	ldr.w	r6, [r4, r5, lsl #2]
 8000cb4:	9101      	str	r1, [sp, #4]
 8000cb6:	10db      	asrs	r3, r3, #3
 8000cb8:	ea23 73e3 	bic.w	r3, r3, r3, asr #31
 8000cbc:	ea6f 0b03 	mvn.w	fp, r3
 8000cc0:	19b9      	adds	r1, r7, r6
 8000cc2:	9303      	str	r3, [sp, #12]
 8000cc4:	4682      	mov	sl, r0
 8000cc6:	eb02 0bcb 	add.w	fp, r2, fp, lsl #3
 8000cca:	eba3 0307 	sub.w	r3, r3, r7
 8000cce:	d414      	bmi.n	8000cfa <__kernel_rem_pio2f+0x62>
 8000cd0:	4419      	add	r1, r3
 8000cd2:	9865      	ldr	r0, [sp, #404]	; 0x194
 8000cd4:	3101      	adds	r1, #1
 8000cd6:	aa1a      	add	r2, sp, #104	; 0x68
 8000cd8:	2b00      	cmp	r3, #0
 8000cda:	bfaa      	itet	ge
 8000cdc:	f850 4023 	ldrge.w	r4, [r0, r3, lsl #2]
 8000ce0:	eddf 7acc 	vldrlt	s15, [pc, #816]	; 8001014 <__kernel_rem_pio2f+0x37c>
 8000ce4:	ee07 4a90 	vmovge	s15, r4
 8000ce8:	f103 0301 	add.w	r3, r3, #1
 8000cec:	bfa8      	it	ge
 8000cee:	eef8 7ae7 	vcvtge.f32.s32	s15, s15
 8000cf2:	428b      	cmp	r3, r1
 8000cf4:	ece2 7a01 	vstmia	r2!, {s15}
 8000cf8:	d1ee      	bne.n	8000cd8 <__kernel_rem_pio2f+0x40>
 8000cfa:	2e00      	cmp	r6, #0
 8000cfc:	db1a      	blt.n	8000d34 <__kernel_rem_pio2f+0x9c>
 8000cfe:	9b02      	ldr	r3, [sp, #8]
 8000d00:	a91a      	add	r1, sp, #104	; 0x68
 8000d02:	1c74      	adds	r4, r6, #1
 8000d04:	eb01 0484 	add.w	r4, r1, r4, lsl #2
 8000d08:	a842      	add	r0, sp, #264	; 0x108
 8000d0a:	009d      	lsls	r5, r3, #2
 8000d0c:	2f00      	cmp	r7, #0
 8000d0e:	f2c0 81ba 	blt.w	8001086 <__kernel_rem_pio2f+0x3ee>
 8000d12:	eddf 7ac0 	vldr	s15, [pc, #768]	; 8001014 <__kernel_rem_pio2f+0x37c>
 8000d16:	4652      	mov	r2, sl
 8000d18:	194b      	adds	r3, r1, r5
 8000d1a:	ed33 7a01 	vldmdb	r3!, {s14}
 8000d1e:	ecf2 6a01 	vldmia	r2!, {s13}
 8000d22:	4299      	cmp	r1, r3
 8000d24:	eee6 7a87 	vfma.f32	s15, s13, s14
 8000d28:	d1f7      	bne.n	8000d1a <__kernel_rem_pio2f+0x82>
 8000d2a:	3104      	adds	r1, #4
 8000d2c:	42a1      	cmp	r1, r4
 8000d2e:	ece0 7a01 	vstmia	r0!, {s15}
 8000d32:	d1eb      	bne.n	8000d0c <__kernel_rem_pio2f+0x74>
 8000d34:	9a02      	ldr	r2, [sp, #8]
 8000d36:	eddf 8ab4 	vldr	s17, [pc, #720]	; 8001008 <__kernel_rem_pio2f+0x370>
 8000d3a:	ed9f 8ab4 	vldr	s16, [pc, #720]	; 800100c <__kernel_rem_pio2f+0x374>
 8000d3e:	f106 4380 	add.w	r3, r6, #1073741824	; 0x40000000
 8000d42:	3b01      	subs	r3, #1
 8000d44:	009b      	lsls	r3, r3, #2
 8000d46:	ebc2 7982 	rsb	r9, r2, r2, lsl #30
 8000d4a:	aa06      	add	r2, sp, #24
 8000d4c:	f103 0804 	add.w	r8, r3, #4
 8000d50:	4413      	add	r3, r2
 8000d52:	4490      	add	r8, r2
 8000d54:	9304      	str	r3, [sp, #16]
 8000d56:	ea4f 0989 	mov.w	r9, r9, lsl #2
 8000d5a:	4634      	mov	r4, r6
 8000d5c:	00a5      	lsls	r5, r4, #2
 8000d5e:	ab56      	add	r3, sp, #344	; 0x158
 8000d60:	442b      	add	r3, r5
 8000d62:	2c00      	cmp	r4, #0
 8000d64:	ed13 0a14 	vldr	s0, [r3, #-80]	; 0xffffffb0
 8000d68:	dd18      	ble.n	8000d9c <__kernel_rem_pio2f+0x104>
 8000d6a:	a942      	add	r1, sp, #264	; 0x108
 8000d6c:	194b      	adds	r3, r1, r5
 8000d6e:	aa05      	add	r2, sp, #20
 8000d70:	ee60 7a28 	vmul.f32	s15, s0, s17
 8000d74:	eeb0 7a40 	vmov.f32	s14, s0
 8000d78:	eefd 7ae7 	vcvt.s32.f32	s15, s15
 8000d7c:	ed73 6a01 	vldmdb	r3!, {s13}
 8000d80:	eef8 7ae7 	vcvt.f32.s32	s15, s15
 8000d84:	428b      	cmp	r3, r1
 8000d86:	eea7 7ac8 	vfms.f32	s14, s15, s16
 8000d8a:	ee37 0aa6 	vadd.f32	s0, s15, s13
 8000d8e:	eebd 7ac7 	vcvt.s32.f32	s14, s14
 8000d92:	ee17 0a10 	vmov	r0, s14
 8000d96:	f842 0f04 	str.w	r0, [r2, #4]!
 8000d9a:	d1e9      	bne.n	8000d70 <__kernel_rem_pio2f+0xd8>
 8000d9c:	4658      	mov	r0, fp
 8000d9e:	f000 fb05 	bl	80013ac <scalbnf>
 8000da2:	eeb0 9a40 	vmov.f32	s18, s0
 8000da6:	eeb4 0a00 	vmov.f32	s0, #64	; 0x3e000000  0.125
 8000daa:	ee29 0a00 	vmul.f32	s0, s18, s0
 8000dae:	f000 fab5 	bl	800131c <floorf>
 8000db2:	eef2 7a00 	vmov.f32	s15, #32	; 0x41000000  8.0
 8000db6:	eea0 9a67 	vfms.f32	s18, s0, s15
 8000dba:	f1bb 0f00 	cmp.w	fp, #0
 8000dbe:	eefd 9ac9 	vcvt.s32.f32	s19, s18
 8000dc2:	eef8 7ae9 	vcvt.f32.s32	s15, s19
 8000dc6:	ee39 9a67 	vsub.f32	s18, s18, s15
 8000dca:	f340 8141 	ble.w	8001050 <__kernel_rem_pio2f+0x3b8>
 8000dce:	1e60      	subs	r0, r4, #1
 8000dd0:	aa06      	add	r2, sp, #24
 8000dd2:	f1cb 0308 	rsb	r3, fp, #8
 8000dd6:	f852 1020 	ldr.w	r1, [r2, r0, lsl #2]
 8000dda:	fa41 f203 	asr.w	r2, r1, r3
 8000dde:	fa02 f303 	lsl.w	r3, r2, r3
 8000de2:	f10d 0e18 	add.w	lr, sp, #24
 8000de6:	1ac9      	subs	r1, r1, r3
 8000de8:	f84e 1020 	str.w	r1, [lr, r0, lsl #2]
 8000dec:	ee19 0a90 	vmov	r0, s19
 8000df0:	4410      	add	r0, r2
 8000df2:	f1cb 0307 	rsb	r3, fp, #7
 8000df6:	ee09 0a90 	vmov	s19, r0
 8000dfa:	4119      	asrs	r1, r3
 8000dfc:	2900      	cmp	r1, #0
 8000dfe:	dd39      	ble.n	8000e74 <__kernel_rem_pio2f+0x1dc>
 8000e00:	ee19 3a90 	vmov	r3, s19
 8000e04:	2c00      	cmp	r4, #0
 8000e06:	f103 0301 	add.w	r3, r3, #1
 8000e0a:	ee09 3a90 	vmov	s19, r3
 8000e0e:	f340 81cb 	ble.w	80011a8 <__kernel_rem_pio2f+0x510>
 8000e12:	2200      	movs	r2, #0
 8000e14:	4610      	mov	r0, r2
 8000e16:	f10d 0e14 	add.w	lr, sp, #20
 8000e1a:	e008      	b.n	8000e2e <__kernel_rem_pio2f+0x196>
 8000e1c:	f5c3 7c80 	rsb	ip, r3, #256	; 0x100
 8000e20:	b113      	cbz	r3, 8000e28 <__kernel_rem_pio2f+0x190>
 8000e22:	f8ce c000 	str.w	ip, [lr]
 8000e26:	2001      	movs	r0, #1
 8000e28:	3201      	adds	r2, #1
 8000e2a:	4294      	cmp	r4, r2
 8000e2c:	dd0c      	ble.n	8000e48 <__kernel_rem_pio2f+0x1b0>
 8000e2e:	f85e 3f04 	ldr.w	r3, [lr, #4]!
 8000e32:	2800      	cmp	r0, #0
 8000e34:	d0f2      	beq.n	8000e1c <__kernel_rem_pio2f+0x184>
 8000e36:	3201      	adds	r2, #1
 8000e38:	f1c3 03ff 	rsb	r3, r3, #255	; 0xff
 8000e3c:	4294      	cmp	r4, r2
 8000e3e:	f8ce 3000 	str.w	r3, [lr]
 8000e42:	f04f 0001 	mov.w	r0, #1
 8000e46:	dcf2      	bgt.n	8000e2e <__kernel_rem_pio2f+0x196>
 8000e48:	f1bb 0f00 	cmp.w	fp, #0
 8000e4c:	dd10      	ble.n	8000e70 <__kernel_rem_pio2f+0x1d8>
 8000e4e:	f1bb 0f01 	cmp.w	fp, #1
 8000e52:	f000 8104 	beq.w	800105e <__kernel_rem_pio2f+0x3c6>
 8000e56:	f1bb 0f02 	cmp.w	fp, #2
 8000e5a:	d109      	bne.n	8000e70 <__kernel_rem_pio2f+0x1d8>
 8000e5c:	1e62      	subs	r2, r4, #1
 8000e5e:	ab06      	add	r3, sp, #24
 8000e60:	f10d 0e18 	add.w	lr, sp, #24
 8000e64:	f853 3022 	ldr.w	r3, [r3, r2, lsl #2]
 8000e68:	f003 033f 	and.w	r3, r3, #63	; 0x3f
 8000e6c:	f84e 3022 	str.w	r3, [lr, r2, lsl #2]
 8000e70:	2902      	cmp	r1, #2
 8000e72:	d059      	beq.n	8000f28 <__kernel_rem_pio2f+0x290>
 8000e74:	eeb5 9a40 	vcmp.f32	s18, #0.0
 8000e78:	eef1 fa10 	vmrs	APSR_nzcv, fpscr
 8000e7c:	d166      	bne.n	8000f4c <__kernel_rem_pio2f+0x2b4>
 8000e7e:	1e63      	subs	r3, r4, #1
 8000e80:	429e      	cmp	r6, r3
 8000e82:	dc0b      	bgt.n	8000e9c <__kernel_rem_pio2f+0x204>
 8000e84:	aa06      	add	r2, sp, #24
 8000e86:	4415      	add	r5, r2
 8000e88:	2200      	movs	r2, #0
 8000e8a:	f855 0d04 	ldr.w	r0, [r5, #-4]!
 8000e8e:	4545      	cmp	r5, r8
 8000e90:	ea42 0200 	orr.w	r2, r2, r0
 8000e94:	d1f9      	bne.n	8000e8a <__kernel_rem_pio2f+0x1f2>
 8000e96:	2a00      	cmp	r2, #0
 8000e98:	f040 8170 	bne.w	800117c <__kernel_rem_pio2f+0x4e4>
 8000e9c:	1e73      	subs	r3, r6, #1
 8000e9e:	aa06      	add	r2, sp, #24
 8000ea0:	f852 3023 	ldr.w	r3, [r2, r3, lsl #2]
 8000ea4:	2b00      	cmp	r3, #0
 8000ea6:	f040 817c 	bne.w	80011a2 <__kernel_rem_pio2f+0x50a>
 8000eaa:	9b04      	ldr	r3, [sp, #16]
 8000eac:	f04f 0e01 	mov.w	lr, #1
 8000eb0:	f853 2d04 	ldr.w	r2, [r3, #-4]!
 8000eb4:	f10e 0e01 	add.w	lr, lr, #1
 8000eb8:	2a00      	cmp	r2, #0
 8000eba:	d0f9      	beq.n	8000eb0 <__kernel_rem_pio2f+0x218>
 8000ebc:	44a6      	add	lr, r4
 8000ebe:	1c63      	adds	r3, r4, #1
 8000ec0:	4573      	cmp	r3, lr
 8000ec2:	dc2f      	bgt.n	8000f24 <__kernel_rem_pio2f+0x28c>
 8000ec4:	9a03      	ldr	r2, [sp, #12]
 8000ec6:	189d      	adds	r5, r3, r2
 8000ec8:	9a02      	ldr	r2, [sp, #8]
 8000eca:	f105 4580 	add.w	r5, r5, #1073741824	; 0x40000000
 8000ece:	18a0      	adds	r0, r4, r2
 8000ed0:	eb0e 0c02 	add.w	ip, lr, r2
 8000ed4:	9a65      	ldr	r2, [sp, #404]	; 0x194
 8000ed6:	3d01      	subs	r5, #1
 8000ed8:	eb02 0585 	add.w	r5, r2, r5, lsl #2
 8000edc:	aa1a      	add	r2, sp, #104	; 0x68
 8000ede:	eb02 0080 	add.w	r0, r2, r0, lsl #2
 8000ee2:	eb02 0c8c 	add.w	ip, r2, ip, lsl #2
 8000ee6:	aa42      	add	r2, sp, #264	; 0x108
 8000ee8:	eb02 0483 	add.w	r4, r2, r3, lsl #2
 8000eec:	f855 3f04 	ldr.w	r3, [r5, #4]!
 8000ef0:	ee07 3a90 	vmov	s15, r3
 8000ef4:	eef8 7ae7 	vcvt.f32.s32	s15, s15
 8000ef8:	2f00      	cmp	r7, #0
 8000efa:	ece0 7a01 	vstmia	r0!, {s15}
 8000efe:	eddf 7a45 	vldr	s15, [pc, #276]	; 8001014 <__kernel_rem_pio2f+0x37c>
 8000f02:	db0b      	blt.n	8000f1c <__kernel_rem_pio2f+0x284>
 8000f04:	4652      	mov	r2, sl
 8000f06:	eb00 0109 	add.w	r1, r0, r9
 8000f0a:	4603      	mov	r3, r0
 8000f0c:	ed33 7a01 	vldmdb	r3!, {s14}
 8000f10:	ecf2 6a01 	vldmia	r2!, {s13}
 8000f14:	428b      	cmp	r3, r1
 8000f16:	eee6 7a87 	vfma.f32	s15, s13, s14
 8000f1a:	d1f7      	bne.n	8000f0c <__kernel_rem_pio2f+0x274>
 8000f1c:	4560      	cmp	r0, ip
 8000f1e:	ece4 7a01 	vstmia	r4!, {s15}
 8000f22:	d1e3      	bne.n	8000eec <__kernel_rem_pio2f+0x254>
 8000f24:	4674      	mov	r4, lr
 8000f26:	e719      	b.n	8000d5c <__kernel_rem_pio2f+0xc4>
 8000f28:	eeb7 0a00 	vmov.f32	s0, #112	; 0x3f800000  1.0
 8000f2c:	ee30 9a49 	vsub.f32	s18, s0, s18
 8000f30:	2800      	cmp	r0, #0
 8000f32:	d09f      	beq.n	8000e74 <__kernel_rem_pio2f+0x1dc>
 8000f34:	4658      	mov	r0, fp
 8000f36:	9105      	str	r1, [sp, #20]
 8000f38:	f000 fa38 	bl	80013ac <scalbnf>
 8000f3c:	ee39 9a40 	vsub.f32	s18, s18, s0
 8000f40:	9905      	ldr	r1, [sp, #20]
 8000f42:	eeb5 9a40 	vcmp.f32	s18, #0.0
 8000f46:	eef1 fa10 	vmrs	APSR_nzcv, fpscr
 8000f4a:	d098      	beq.n	8000e7e <__kernel_rem_pio2f+0x1e6>
 8000f4c:	eeb0 0a49 	vmov.f32	s0, s18
 8000f50:	f1cb 0000 	rsb	r0, fp, #0
 8000f54:	9102      	str	r1, [sp, #8]
 8000f56:	f000 fa29 	bl	80013ac <scalbnf>
 8000f5a:	ed9f 7a2c 	vldr	s14, [pc, #176]	; 800100c <__kernel_rem_pio2f+0x374>
 8000f5e:	9902      	ldr	r1, [sp, #8]
 8000f60:	eeb4 0ac7 	vcmpe.f32	s0, s14
 8000f64:	eef1 fa10 	vmrs	APSR_nzcv, fpscr
 8000f68:	f2c0 817e 	blt.w	8001268 <__kernel_rem_pio2f+0x5d0>
 8000f6c:	eddf 7a26 	vldr	s15, [pc, #152]	; 8001008 <__kernel_rem_pio2f+0x370>
 8000f70:	ee60 7a27 	vmul.f32	s15, s0, s15
 8000f74:	a806      	add	r0, sp, #24
 8000f76:	eefd 7ae7 	vcvt.s32.f32	s15, s15
 8000f7a:	1c63      	adds	r3, r4, #1
 8000f7c:	eef8 7ae7 	vcvt.f32.s32	s15, s15
 8000f80:	f10b 0b08 	add.w	fp, fp, #8
 8000f84:	eea7 0ac7 	vfms.f32	s0, s15, s14
 8000f88:	eefd 7ae7 	vcvt.s32.f32	s15, s15
 8000f8c:	eebd 0ac0 	vcvt.s32.f32	s0, s0
 8000f90:	ee10 2a10 	vmov	r2, s0
 8000f94:	f840 2024 	str.w	r2, [r0, r4, lsl #2]
 8000f98:	ee17 2a90 	vmov	r2, s15
 8000f9c:	f840 2023 	str.w	r2, [r0, r3, lsl #2]
 8000fa0:	4658      	mov	r0, fp
 8000fa2:	eeb7 0a00 	vmov.f32	s0, #112	; 0x3f800000  1.0
 8000fa6:	9303      	str	r3, [sp, #12]
 8000fa8:	9102      	str	r1, [sp, #8]
 8000faa:	f000 f9ff 	bl	80013ac <scalbnf>
 8000fae:	9b03      	ldr	r3, [sp, #12]
 8000fb0:	9902      	ldr	r1, [sp, #8]
 8000fb2:	2b00      	cmp	r3, #0
 8000fb4:	f2c0 80c7 	blt.w	8001146 <__kernel_rem_pio2f+0x4ae>
 8000fb8:	f103 0e01 	add.w	lr, r3, #1
 8000fbc:	ea4f 028e 	mov.w	r2, lr, lsl #2
 8000fc0:	ac42      	add	r4, sp, #264	; 0x108
 8000fc2:	a806      	add	r0, sp, #24
 8000fc4:	ed9f 7a10 	vldr	s14, [pc, #64]	; 8001008 <__kernel_rem_pio2f+0x370>
 8000fc8:	4410      	add	r0, r2
 8000fca:	18a7      	adds	r7, r4, r2
 8000fcc:	ed70 7a01 	vldmdb	r0!, {s15}
 8000fd0:	eef8 7ae7 	vcvt.f32.s32	s15, s15
 8000fd4:	ee67 7a80 	vmul.f32	s15, s15, s0
 8000fd8:	ee20 0a07 	vmul.f32	s0, s0, s14
 8000fdc:	ed67 7a01 	vstmdb	r7!, {s15}
 8000fe0:	42a7      	cmp	r7, r4
 8000fe2:	d1f3      	bne.n	8000fcc <__kernel_rem_pio2f+0x334>
 8000fe4:	3a04      	subs	r2, #4
 8000fe6:	4417      	add	r7, r2
 8000fe8:	2500      	movs	r5, #0
 8000fea:	2e00      	cmp	r6, #0
 8000fec:	f2c0 80a8 	blt.w	8001140 <__kernel_rem_pio2f+0x4a8>
 8000ff0:	2d00      	cmp	r5, #0
 8000ff2:	f2c0 80a5 	blt.w	8001140 <__kernel_rem_pio2f+0x4a8>
 8000ff6:	4c06      	ldr	r4, [pc, #24]	; (8001010 <__kernel_rem_pio2f+0x378>)
 8000ff8:	eddf 7a06 	vldr	s15, [pc, #24]	; 8001014 <__kernel_rem_pio2f+0x37c>
 8000ffc:	4638      	mov	r0, r7
 8000ffe:	2200      	movs	r2, #0
 8001000:	e00c      	b.n	800101c <__kernel_rem_pio2f+0x384>
 8001002:	bf00      	nop
 8001004:	08001838 	.word	0x08001838
 8001008:	3b800000 	.word	0x3b800000
 800100c:	43800000 	.word	0x43800000
 8001010:	08001844 	.word	0x08001844
 8001014:	00000000 	.word	0x00000000
 8001018:	42aa      	cmp	r2, r5
 800101a:	dc08      	bgt.n	800102e <__kernel_rem_pio2f+0x396>
 800101c:	ecf4 6a01 	vldmia	r4!, {s13}
 8001020:	ecb0 7a01 	vldmia	r0!, {s14}
 8001024:	3201      	adds	r2, #1
 8001026:	4296      	cmp	r6, r2
 8001028:	eee6 7a87 	vfma.f32	s15, s13, s14
 800102c:	daf4      	bge.n	8001018 <__kernel_rem_pio2f+0x380>
 800102e:	aa56      	add	r2, sp, #344	; 0x158
 8001030:	eb02 0285 	add.w	r2, r2, r5, lsl #2
 8001034:	3501      	adds	r5, #1
 8001036:	4575      	cmp	r5, lr
 8001038:	f1a7 0704 	sub.w	r7, r7, #4
 800103c:	ed42 7a28 	vstr	s15, [r2, #-160]	; 0xffffff60
 8001040:	d1d3      	bne.n	8000fea <__kernel_rem_pio2f+0x352>
 8001042:	9a64      	ldr	r2, [sp, #400]	; 0x190
 8001044:	2a03      	cmp	r2, #3
 8001046:	d85f      	bhi.n	8001108 <__kernel_rem_pio2f+0x470>
 8001048:	e8df f002 	tbb	[pc, r2]
 800104c:	b0373767 	.word	0xb0373767
 8001050:	d110      	bne.n	8001074 <__kernel_rem_pio2f+0x3dc>
 8001052:	1e63      	subs	r3, r4, #1
 8001054:	aa06      	add	r2, sp, #24
 8001056:	f852 1023 	ldr.w	r1, [r2, r3, lsl #2]
 800105a:	1209      	asrs	r1, r1, #8
 800105c:	e6ce      	b.n	8000dfc <__kernel_rem_pio2f+0x164>
 800105e:	1e62      	subs	r2, r4, #1
 8001060:	ab06      	add	r3, sp, #24
 8001062:	f10d 0e18 	add.w	lr, sp, #24
 8001066:	f853 3022 	ldr.w	r3, [r3, r2, lsl #2]
 800106a:	f003 037f 	and.w	r3, r3, #127	; 0x7f
 800106e:	f84e 3022 	str.w	r3, [lr, r2, lsl #2]
 8001072:	e6fd      	b.n	8000e70 <__kernel_rem_pio2f+0x1d8>
 8001074:	eef6 7a00 	vmov.f32	s15, #96	; 0x3f000000  0.5
 8001078:	eeb4 9ae7 	vcmpe.f32	s18, s15
 800107c:	eef1 fa10 	vmrs	APSR_nzcv, fpscr
 8001080:	da0a      	bge.n	8001098 <__kernel_rem_pio2f+0x400>
 8001082:	2100      	movs	r1, #0
 8001084:	e6f6      	b.n	8000e74 <__kernel_rem_pio2f+0x1dc>
 8001086:	ed5f 7a1d 	vldr	s15, [pc, #-116]	; 8001014 <__kernel_rem_pio2f+0x37c>
 800108a:	3104      	adds	r1, #4
 800108c:	42a1      	cmp	r1, r4
 800108e:	ece0 7a01 	vstmia	r0!, {s15}
 8001092:	f47f ae3b 	bne.w	8000d0c <__kernel_rem_pio2f+0x74>
 8001096:	e64d      	b.n	8000d34 <__kernel_rem_pio2f+0x9c>
 8001098:	ee19 3a90 	vmov	r3, s19
 800109c:	2c00      	cmp	r4, #0
 800109e:	f103 0301 	add.w	r3, r3, #1
 80010a2:	ee09 3a90 	vmov	s19, r3
 80010a6:	bfc8      	it	gt
 80010a8:	2102      	movgt	r1, #2
 80010aa:	f73f aeb2 	bgt.w	8000e12 <__kernel_rem_pio2f+0x17a>
 80010ae:	eef7 7a00 	vmov.f32	s15, #112	; 0x3f800000  1.0
 80010b2:	ee37 9ac9 	vsub.f32	s18, s15, s18
 80010b6:	2102      	movs	r1, #2
 80010b8:	e6dc      	b.n	8000e74 <__kernel_rem_pio2f+0x1dc>
 80010ba:	aa2e      	add	r2, sp, #184	; 0xb8
 80010bc:	ed5f 7a2b 	vldr	s15, [pc, #-172]	; 8001014 <__kernel_rem_pio2f+0x37c>
 80010c0:	eb02 0e8e 	add.w	lr, r2, lr, lsl #2
 80010c4:	ed3e 7a01 	vldmdb	lr!, {s14}
 80010c8:	4596      	cmp	lr, r2
 80010ca:	ee77 7a87 	vadd.f32	s15, s15, s14
 80010ce:	d1f9      	bne.n	80010c4 <__kernel_rem_pio2f+0x42c>
 80010d0:	2900      	cmp	r1, #0
 80010d2:	d043      	beq.n	800115c <__kernel_rem_pio2f+0x4c4>
 80010d4:	eddd 6a2e 	vldr	s13, [sp, #184]	; 0xb8
 80010d8:	9a01      	ldr	r2, [sp, #4]
 80010da:	eeb1 7a67 	vneg.f32	s14, s15
 80010de:	2b00      	cmp	r3, #0
 80010e0:	ee76 7ae7 	vsub.f32	s15, s13, s15
 80010e4:	ed82 7a00 	vstr	s14, [r2]
 80010e8:	dd09      	ble.n	80010fe <__kernel_rem_pio2f+0x466>
 80010ea:	a82f      	add	r0, sp, #188	; 0xbc
 80010ec:	2201      	movs	r2, #1
 80010ee:	ecb0 7a01 	vldmia	r0!, {s14}
 80010f2:	3201      	adds	r2, #1
 80010f4:	4293      	cmp	r3, r2
 80010f6:	ee77 7a87 	vadd.f32	s15, s15, s14
 80010fa:	daf8      	bge.n	80010ee <__kernel_rem_pio2f+0x456>
 80010fc:	b109      	cbz	r1, 8001102 <__kernel_rem_pio2f+0x46a>
 80010fe:	eef1 7a67 	vneg.f32	s15, s15
 8001102:	9b01      	ldr	r3, [sp, #4]
 8001104:	edc3 7a01 	vstr	s15, [r3, #4]
 8001108:	ee19 3a90 	vmov	r3, s19
 800110c:	f003 0007 	and.w	r0, r3, #7
 8001110:	b057      	add	sp, #348	; 0x15c
 8001112:	ecbd 8b04 	vpop	{d8-d9}
 8001116:	e8bd 8ff0 	ldmia.w	sp!, {r4, r5, r6, r7, r8, r9, sl, fp, pc}
 800111a:	aa2e      	add	r2, sp, #184	; 0xb8
 800111c:	ed5f 7a43 	vldr	s15, [pc, #-268]	; 8001014 <__kernel_rem_pio2f+0x37c>
 8001120:	eb02 0e8e 	add.w	lr, r2, lr, lsl #2
 8001124:	ed3e 7a01 	vldmdb	lr!, {s14}
 8001128:	3b01      	subs	r3, #1
 800112a:	1c5a      	adds	r2, r3, #1
 800112c:	ee77 7a87 	vadd.f32	s15, s15, s14
 8001130:	d1f8      	bne.n	8001124 <__kernel_rem_pio2f+0x48c>
 8001132:	b109      	cbz	r1, 8001138 <__kernel_rem_pio2f+0x4a0>
 8001134:	eef1 7a67 	vneg.f32	s15, s15
 8001138:	9b01      	ldr	r3, [sp, #4]
 800113a:	edc3 7a00 	vstr	s15, [r3]
 800113e:	e7e3      	b.n	8001108 <__kernel_rem_pio2f+0x470>
 8001140:	ed5f 7a4c 	vldr	s15, [pc, #-304]	; 8001014 <__kernel_rem_pio2f+0x37c>
 8001144:	e773      	b.n	800102e <__kernel_rem_pio2f+0x396>
 8001146:	9a64      	ldr	r2, [sp, #400]	; 0x190
 8001148:	2a03      	cmp	r2, #3
 800114a:	d8dd      	bhi.n	8001108 <__kernel_rem_pio2f+0x470>
 800114c:	e8df f002 	tbb	[pc, r2]
 8001150:	80020213 	.word	0x80020213
 8001154:	ed5f 7a51 	vldr	s15, [pc, #-324]	; 8001014 <__kernel_rem_pio2f+0x37c>
 8001158:	2900      	cmp	r1, #0
 800115a:	d1bb      	bne.n	80010d4 <__kernel_rem_pio2f+0x43c>
 800115c:	ed9d 7a2e 	vldr	s14, [sp, #184]	; 0xb8
 8001160:	9a01      	ldr	r2, [sp, #4]
 8001162:	2b00      	cmp	r3, #0
 8001164:	edc2 7a00 	vstr	s15, [r2]
 8001168:	ee77 7a67 	vsub.f32	s15, s14, s15
 800116c:	dcbd      	bgt.n	80010ea <__kernel_rem_pio2f+0x452>
 800116e:	9b01      	ldr	r3, [sp, #4]
 8001170:	edc3 7a01 	vstr	s15, [r3, #4]
 8001174:	e7c8      	b.n	8001108 <__kernel_rem_pio2f+0x470>
 8001176:	ed5f 7a59 	vldr	s15, [pc, #-356]	; 8001014 <__kernel_rem_pio2f+0x37c>
 800117a:	e7da      	b.n	8001132 <__kernel_rem_pio2f+0x49a>
 800117c:	aa06      	add	r2, sp, #24
 800117e:	f1ab 0b08 	sub.w	fp, fp, #8
 8001182:	f852 2023 	ldr.w	r2, [r2, r3, lsl #2]
 8001186:	2a00      	cmp	r2, #0
 8001188:	f47f af0a 	bne.w	8000fa0 <__kernel_rem_pio2f+0x308>
 800118c:	aa06      	add	r2, sp, #24
 800118e:	eb02 0283 	add.w	r2, r2, r3, lsl #2
 8001192:	f852 0d04 	ldr.w	r0, [r2, #-4]!
 8001196:	3b01      	subs	r3, #1
 8001198:	f1ab 0b08 	sub.w	fp, fp, #8
 800119c:	2800      	cmp	r0, #0
 800119e:	d0f8      	beq.n	8001192 <__kernel_rem_pio2f+0x4fa>
 80011a0:	e6fe      	b.n	8000fa0 <__kernel_rem_pio2f+0x308>
 80011a2:	f04f 0e01 	mov.w	lr, #1
 80011a6:	e689      	b.n	8000ebc <__kernel_rem_pio2f+0x224>
 80011a8:	2000      	movs	r0, #0
 80011aa:	e64d      	b.n	8000e48 <__kernel_rem_pio2f+0x1b0>
 80011ac:	2b00      	cmp	r3, #0
 80011ae:	dd4f      	ble.n	8001250 <__kernel_rem_pio2f+0x5b8>
 80011b0:	009a      	lsls	r2, r3, #2
 80011b2:	a856      	add	r0, sp, #344	; 0x158
 80011b4:	4410      	add	r0, r2
 80011b6:	ad2e      	add	r5, sp, #184	; 0xb8
 80011b8:	1d14      	adds	r4, r2, #4
 80011ba:	ed10 7a28 	vldr	s14, [r0, #-160]	; 0xffffff60
 80011be:	442c      	add	r4, r5
 80011c0:	18a8      	adds	r0, r5, r2
 80011c2:	ed70 7a01 	vldmdb	r0!, {s15}
 80011c6:	ee77 6a27 	vadd.f32	s13, s14, s15
 80011ca:	42a8      	cmp	r0, r5
 80011cc:	ee77 7ae6 	vsub.f32	s15, s15, s13
 80011d0:	ee77 7a27 	vadd.f32	s15, s14, s15
 80011d4:	eeb0 7a66 	vmov.f32	s14, s13
 80011d8:	ed64 7a01 	vstmdb	r4!, {s15}
 80011dc:	edc0 6a00 	vstr	s13, [r0]
 80011e0:	d1ef      	bne.n	80011c2 <__kernel_rem_pio2f+0x52a>
 80011e2:	2b01      	cmp	r3, #1
 80011e4:	dd34      	ble.n	8001250 <__kernel_rem_pio2f+0x5b8>
 80011e6:	1d13      	adds	r3, r2, #4
 80011e8:	ac56      	add	r4, sp, #344	; 0x158
 80011ea:	4414      	add	r4, r2
 80011ec:	4403      	add	r3, r0
 80011ee:	ed14 7a28 	vldr	s14, [r4, #-160]	; 0xffffff60
 80011f2:	4402      	add	r2, r0
 80011f4:	ac2f      	add	r4, sp, #188	; 0xbc
 80011f6:	4618      	mov	r0, r3
 80011f8:	ed72 7a01 	vldmdb	r2!, {s15}
 80011fc:	ee77 6a87 	vadd.f32	s13, s15, s14
 8001200:	42a2      	cmp	r2, r4
 8001202:	ee77 7ae6 	vsub.f32	s15, s15, s13
 8001206:	ee77 7a87 	vadd.f32	s15, s15, s14
 800120a:	eeb0 7a66 	vmov.f32	s14, s13
 800120e:	ed60 7a01 	vstmdb	r0!, {s15}
 8001212:	edc2 6a00 	vstr	s13, [r2]
 8001216:	d1ef      	bne.n	80011f8 <__kernel_rem_pio2f+0x560>
 8001218:	ed5f 7a82 	vldr	s15, [pc, #-520]	; 8001014 <__kernel_rem_pio2f+0x37c>
 800121c:	aa30      	add	r2, sp, #192	; 0xc0
 800121e:	ed33 7a01 	vldmdb	r3!, {s14}
 8001222:	4293      	cmp	r3, r2
 8001224:	ee77 7a87 	vadd.f32	s15, s15, s14
 8001228:	d1f9      	bne.n	800121e <__kernel_rem_pio2f+0x586>
 800122a:	b1a9      	cbz	r1, 8001258 <__kernel_rem_pio2f+0x5c0>
 800122c:	eddd 6a2e 	vldr	s13, [sp, #184]	; 0xb8
 8001230:	ed9d 7a2f 	vldr	s14, [sp, #188]	; 0xbc
 8001234:	9a01      	ldr	r2, [sp, #4]
 8001236:	eef1 7a67 	vneg.f32	s15, s15
 800123a:	eef1 6a66 	vneg.f32	s13, s13
 800123e:	eeb1 7a47 	vneg.f32	s14, s14
 8001242:	edc2 7a02 	vstr	s15, [r2, #8]
 8001246:	edc2 6a00 	vstr	s13, [r2]
 800124a:	ed82 7a01 	vstr	s14, [r2, #4]
 800124e:	e75b      	b.n	8001108 <__kernel_rem_pio2f+0x470>
 8001250:	ed5f 7a90 	vldr	s15, [pc, #-576]	; 8001014 <__kernel_rem_pio2f+0x37c>
 8001254:	2900      	cmp	r1, #0
 8001256:	d1e9      	bne.n	800122c <__kernel_rem_pio2f+0x594>
 8001258:	9801      	ldr	r0, [sp, #4]
 800125a:	9a2e      	ldr	r2, [sp, #184]	; 0xb8
 800125c:	9b2f      	ldr	r3, [sp, #188]	; 0xbc
 800125e:	edc0 7a02 	vstr	s15, [r0, #8]
 8001262:	6002      	str	r2, [r0, #0]
 8001264:	6043      	str	r3, [r0, #4]
 8001266:	e74f      	b.n	8001108 <__kernel_rem_pio2f+0x470>
 8001268:	eebd 0ac0 	vcvt.s32.f32	s0, s0
 800126c:	a806      	add	r0, sp, #24
 800126e:	ee10 2a10 	vmov	r2, s0
 8001272:	4623      	mov	r3, r4
 8001274:	f840 2024 	str.w	r2, [r0, r4, lsl #2]
 8001278:	e692      	b.n	8000fa0 <__kernel_rem_pio2f+0x308>
 800127a:	bf00      	nop

0800127c <__kernel_sinf>:
 800127c:	ee10 3a10 	vmov	r3, s0
 8001280:	f023 4300 	bic.w	r3, r3, #2147483648	; 0x80000000
 8001284:	f1b3 5f48 	cmp.w	r3, #838860800	; 0x32000000
 8001288:	da04      	bge.n	8001294 <__kernel_sinf+0x18>
 800128a:	eefd 7ac0 	vcvt.s32.f32	s15, s0
 800128e:	ee17 3a90 	vmov	r3, s15
 8001292:	b323      	cbz	r3, 80012de <__kernel_sinf+0x62>
 8001294:	ee60 7a00 	vmul.f32	s15, s0, s0
 8001298:	ed9f 5a15 	vldr	s10, [pc, #84]	; 80012f0 <__kernel_sinf+0x74>
 800129c:	eddf 5a15 	vldr	s11, [pc, #84]	; 80012f4 <__kernel_sinf+0x78>
 80012a0:	ed9f 6a15 	vldr	s12, [pc, #84]	; 80012f8 <__kernel_sinf+0x7c>
 80012a4:	eddf 6a15 	vldr	s13, [pc, #84]	; 80012fc <__kernel_sinf+0x80>
 80012a8:	ed9f 7a15 	vldr	s14, [pc, #84]	; 8001300 <__kernel_sinf+0x84>
 80012ac:	eee7 5a85 	vfma.f32	s11, s15, s10
 80012b0:	ee27 5a80 	vmul.f32	s10, s15, s0
 80012b4:	eea5 6aa7 	vfma.f32	s12, s11, s15
 80012b8:	eee6 6a27 	vfma.f32	s13, s12, s15
 80012bc:	eea6 7aa7 	vfma.f32	s14, s13, s15
 80012c0:	b170      	cbz	r0, 80012e0 <__kernel_sinf+0x64>
 80012c2:	ee27 7a45 	vnmul.f32	s14, s14, s10
 80012c6:	eef6 6a00 	vmov.f32	s13, #96	; 0x3f000000  0.5
 80012ca:	eea0 7aa6 	vfma.f32	s14, s1, s13
 80012ce:	eddf 6a0d 	vldr	s13, [pc, #52]	; 8001304 <__kernel_sinf+0x88>
 80012d2:	eed7 0a27 	vfnms.f32	s1, s14, s15
 80012d6:	eee5 0a26 	vfma.f32	s1, s10, s13
 80012da:	ee30 0a60 	vsub.f32	s0, s0, s1
 80012de:	4770      	bx	lr
 80012e0:	eddf 6a09 	vldr	s13, [pc, #36]	; 8001308 <__kernel_sinf+0x8c>
 80012e4:	eee7 6a87 	vfma.f32	s13, s15, s14
 80012e8:	eea6 0a85 	vfma.f32	s0, s13, s10
 80012ec:	4770      	bx	lr
 80012ee:	bf00      	nop
 80012f0:	2f2ec9d3 	.word	0x2f2ec9d3
 80012f4:	b2d72f34 	.word	0xb2d72f34
 80012f8:	3638ef1b 	.word	0x3638ef1b
 80012fc:	b9500d01 	.word	0xb9500d01
 8001300:	3c088889 	.word	0x3c088889
 8001304:	3e2aaaab 	.word	0x3e2aaaab
 8001308:	be2aaaab 	.word	0xbe2aaaab

0800130c <fabsf>:
 800130c:	ee10 3a10 	vmov	r3, s0
 8001310:	f023 4300 	bic.w	r3, r3, #2147483648	; 0x80000000
 8001314:	ee00 3a10 	vmov	s0, r3
 8001318:	4770      	bx	lr
 800131a:	bf00      	nop

0800131c <floorf>:
 800131c:	ee10 2a10 	vmov	r2, s0
 8001320:	f022 4100 	bic.w	r1, r2, #2147483648	; 0x80000000
 8001324:	0dcb      	lsrs	r3, r1, #23
 8001326:	3b7f      	subs	r3, #127	; 0x7f
 8001328:	2b16      	cmp	r3, #22
 800132a:	dc17      	bgt.n	800135c <floorf+0x40>
 800132c:	2b00      	cmp	r3, #0
 800132e:	ee10 0a10 	vmov	r0, s0
 8001332:	db19      	blt.n	8001368 <floorf+0x4c>
 8001334:	491a      	ldr	r1, [pc, #104]	; (80013a0 <floorf+0x84>)
 8001336:	4119      	asrs	r1, r3
 8001338:	4211      	tst	r1, r2
 800133a:	d022      	beq.n	8001382 <floorf+0x66>
 800133c:	eddf 7a19 	vldr	s15, [pc, #100]	; 80013a4 <floorf+0x88>
 8001340:	ee70 7a27 	vadd.f32	s15, s0, s15
 8001344:	eef5 7ac0 	vcmpe.f32	s15, #0.0
 8001348:	eef1 fa10 	vmrs	APSR_nzcv, fpscr
 800134c:	dd19      	ble.n	8001382 <floorf+0x66>
 800134e:	2a00      	cmp	r2, #0
 8001350:	db18      	blt.n	8001384 <floorf+0x68>
 8001352:	ea20 0301 	bic.w	r3, r0, r1
 8001356:	ee00 3a10 	vmov	s0, r3
 800135a:	4770      	bx	lr
 800135c:	f1b1 4fff 	cmp.w	r1, #2139095040	; 0x7f800000
 8001360:	d30f      	bcc.n	8001382 <floorf+0x66>
 8001362:	ee30 0a00 	vadd.f32	s0, s0, s0
 8001366:	4770      	bx	lr
 8001368:	eddf 7a0e 	vldr	s15, [pc, #56]	; 80013a4 <floorf+0x88>
 800136c:	ee70 7a27 	vadd.f32	s15, s0, s15
 8001370:	eef5 7ac0 	vcmpe.f32	s15, #0.0
 8001374:	eef1 fa10 	vmrs	APSR_nzcv, fpscr
 8001378:	dd03      	ble.n	8001382 <floorf+0x66>
 800137a:	2a00      	cmp	r2, #0
 800137c:	db08      	blt.n	8001390 <floorf+0x74>
 800137e:	ed9f 0a0a 	vldr	s0, [pc, #40]	; 80013a8 <floorf+0x8c>
 8001382:	4770      	bx	lr
 8001384:	f44f 0200 	mov.w	r2, #8388608	; 0x800000
 8001388:	fa42 f303 	asr.w	r3, r2, r3
 800138c:	4418      	add	r0, r3
 800138e:	e7e0      	b.n	8001352 <floorf+0x36>
 8001390:	2900      	cmp	r1, #0
 8001392:	eeff 7a00 	vmov.f32	s15, #240	; 0xbf800000 -1.0
 8001396:	bf18      	it	ne
 8001398:	eeb0 0a67 	vmovne.f32	s0, s15
 800139c:	4770      	bx	lr
 800139e:	bf00      	nop
 80013a0:	007fffff 	.word	0x007fffff
 80013a4:	7149f2ca 	.word	0x7149f2ca
 80013a8:	00000000 	.word	0x00000000

080013ac <scalbnf>:
 80013ac:	b508      	push	{r3, lr}
 80013ae:	ee10 3a10 	vmov	r3, s0
 80013b2:	f033 4200 	bics.w	r2, r3, #2147483648	; 0x80000000
 80013b6:	ed2d 8b02 	vpush	{d8}
 80013ba:	d011      	beq.n	80013e0 <scalbnf+0x34>
 80013bc:	f1b2 4fff 	cmp.w	r2, #2139095040	; 0x7f800000
 80013c0:	d211      	bcs.n	80013e6 <scalbnf+0x3a>
 80013c2:	f5b2 0f00 	cmp.w	r2, #8388608	; 0x800000
 80013c6:	d313      	bcc.n	80013f0 <scalbnf+0x44>
 80013c8:	0dd2      	lsrs	r2, r2, #23
 80013ca:	4402      	add	r2, r0
 80013cc:	2afe      	cmp	r2, #254	; 0xfe
 80013ce:	dc2e      	bgt.n	800142e <scalbnf+0x82>
 80013d0:	2a00      	cmp	r2, #0
 80013d2:	dd1a      	ble.n	800140a <scalbnf+0x5e>
 80013d4:	f023 43ff 	bic.w	r3, r3, #2139095040	; 0x7f800000
 80013d8:	ea43 53c2 	orr.w	r3, r3, r2, lsl #23
 80013dc:	ee00 3a10 	vmov	s0, r3
 80013e0:	ecbd 8b02 	vpop	{d8}
 80013e4:	bd08      	pop	{r3, pc}
 80013e6:	ecbd 8b02 	vpop	{d8}
 80013ea:	ee30 0a00 	vadd.f32	s0, s0, s0
 80013ee:	bd08      	pop	{r3, pc}
 80013f0:	4b1d      	ldr	r3, [pc, #116]	; (8001468 <scalbnf+0xbc>)
 80013f2:	eddf 7a1e 	vldr	s15, [pc, #120]	; 800146c <scalbnf+0xc0>
 80013f6:	4298      	cmp	r0, r3
 80013f8:	ee20 0a27 	vmul.f32	s0, s0, s15
 80013fc:	db22      	blt.n	8001444 <scalbnf+0x98>
 80013fe:	ee10 3a10 	vmov	r3, s0
 8001402:	f3c3 52c7 	ubfx	r2, r3, #23, #8
 8001406:	3a19      	subs	r2, #25
 8001408:	e7df      	b.n	80013ca <scalbnf+0x1e>
 800140a:	f112 0f16 	cmn.w	r2, #22
 800140e:	da1e      	bge.n	800144e <scalbnf+0xa2>
 8001410:	f24c 3350 	movw	r3, #50000	; 0xc350
 8001414:	4298      	cmp	r0, r3
 8001416:	dc0a      	bgt.n	800142e <scalbnf+0x82>
 8001418:	ed9f 8a15 	vldr	s16, [pc, #84]	; 8001470 <scalbnf+0xc4>
 800141c:	eef0 0a40 	vmov.f32	s1, s0
 8001420:	eeb0 0a48 	vmov.f32	s0, s16
 8001424:	f000 f82a 	bl	800147c <copysignf>
 8001428:	ee20 0a08 	vmul.f32	s0, s0, s16
 800142c:	e7d8      	b.n	80013e0 <scalbnf+0x34>
 800142e:	ed9f 8a11 	vldr	s16, [pc, #68]	; 8001474 <scalbnf+0xc8>
 8001432:	eef0 0a40 	vmov.f32	s1, s0
 8001436:	eeb0 0a48 	vmov.f32	s0, s16
 800143a:	f000 f81f 	bl	800147c <copysignf>
 800143e:	ee20 0a08 	vmul.f32	s0, s0, s16
 8001442:	e7cd      	b.n	80013e0 <scalbnf+0x34>
 8001444:	eddf 0a0a 	vldr	s1, [pc, #40]	; 8001470 <scalbnf+0xc4>
 8001448:	ee20 0a20 	vmul.f32	s0, s0, s1
 800144c:	e7c8      	b.n	80013e0 <scalbnf+0x34>
 800144e:	3219      	adds	r2, #25
 8001450:	f023 43ff 	bic.w	r3, r3, #2139095040	; 0x7f800000
 8001454:	ea43 53c2 	orr.w	r3, r3, r2, lsl #23
 8001458:	eddf 7a07 	vldr	s15, [pc, #28]	; 8001478 <scalbnf+0xcc>
 800145c:	ee00 3a10 	vmov	s0, r3
 8001460:	ee20 0a27 	vmul.f32	s0, s0, s15
 8001464:	e7bc      	b.n	80013e0 <scalbnf+0x34>
 8001466:	bf00      	nop
 8001468:	ffff3cb0 	.word	0xffff3cb0
 800146c:	4c000000 	.word	0x4c000000
 8001470:	0da24260 	.word	0x0da24260
 8001474:	7149f2ca 	.word	0x7149f2ca
 8001478:	33000000 	.word	0x33000000

0800147c <copysignf>:
 800147c:	ee10 3a10 	vmov	r3, s0
 8001480:	f023 4200 	bic.w	r2, r3, #2147483648	; 0x80000000
 8001484:	ee10 3a90 	vmov	r3, s1
 8001488:	f003 4300 	and.w	r3, r3, #2147483648	; 0x80000000
 800148c:	4313      	orrs	r3, r2
 800148e:	ee00 3a10 	vmov	s0, r3
 8001492:	4770      	bx	lr

08001494 <_exit>:
 8001494:	e7fe      	b.n	8001494 <_exit>
 8001496:	bf00      	nop
 8001498:	00000043 	.word	0x00000043

0800149c <_global_impure_ptr>:
 800149c:	20000018                                ... 

080014a0 <npio2_hw>:
 80014a0:	3fc90f00 40490f00 4096cb00 40c90f00     ...?..I@...@...@
 80014b0:	40fb5300 4116cb00 412fed00 41490f00     .S.@...A../A..IA
 80014c0:	41623100 417b5300 418a3a00 4196cb00     .1bA.S{A.:.A...A
 80014d0:	41a35c00 41afed00 41bc7e00 41c90f00     .\.A...A.~.A...A
 80014e0:	41d5a000 41e23100 41eec200 41fb5300     ...A.1.A...A.S.A
 80014f0:	4203f200 420a3a00 42108300 4216cb00     ...B.:.B...B...B
 8001500:	421d1400 42235c00 4229a500 422fed00     ...B.\#B..)B../B
 8001510:	42363600 423c7e00 4242c700 42490f00     .66B.~<B..BB..IB

08001520 <two_over_pi>:
 8001520:	000000a2 000000f9 00000083 0000006e     ............n...
 8001530:	0000004e 00000044 00000015 00000029     N...D.......)...
 8001540:	000000fc 00000027 00000057 000000d1     ....'...W.......
 8001550:	000000f5 00000034 000000dd 000000c0     ....4...........
 8001560:	000000db 00000062 00000095 00000099     ....b...........
 8001570:	0000003c 00000043 00000090 00000041     <...C.......A...
 8001580:	000000fe 00000051 00000063 000000ab     ....Q...c.......
 8001590:	000000de 000000bb 000000c5 00000061     ............a...
 80015a0:	000000b7 00000024 0000006e 0000003a     ....$...n...:...
 80015b0:	00000042 0000004d 000000d2 000000e0     B...M...........
 80015c0:	00000006 00000049 0000002e 000000ea     ....I...........
 80015d0:	00000009 000000d1 00000092 0000001c     ................
 80015e0:	000000fe 0000001d 000000eb 0000001c     ................
 80015f0:	000000b1 00000029 000000a7 0000003e     ....).......>...
 8001600:	000000e8 00000082 00000035 000000f5     ........5.......
 8001610:	0000002e 000000bb 00000044 00000084     ........D.......
 8001620:	000000e9 0000009c 00000070 00000026     ........p...&...
 8001630:	000000b4 0000005f 0000007e 00000041     ...._...~...A...
 8001640:	00000039 00000091 000000d6 00000039     9...........9...
 8001650:	00000083 00000053 00000039 000000f4     ....S...9.......
 8001660:	0000009c 00000084 0000005f 0000008b     ........_.......
 8001670:	000000bd 000000f9 00000028 0000003b     ........(...;...
 8001680:	0000001f 000000f8 00000097 000000ff     ................
 8001690:	000000de 00000005 00000098 0000000f     ................
 80016a0:	000000ef 0000002f 00000011 0000008b     ..../...........
 80016b0:	0000005a 0000000a 0000006d 0000001f     Z.......m.......
 80016c0:	0000006d 00000036 0000007e 000000cf     m...6...~.......
 80016d0:	00000027 000000cb 00000009 000000b7     '...............
 80016e0:	0000004f 00000046 0000003f 00000066     O...F...?...f...
 80016f0:	0000009e 0000005f 000000ea 0000002d     ...._.......-...
 8001700:	00000075 00000027 000000ba 000000c7     u...'...........
 8001710:	000000eb 000000e5 000000f1 0000007b     ............{...
 8001720:	0000003d 00000007 00000039 000000f7     =.......9.......
 8001730:	0000008a 00000052 00000092 000000ea     ....R...........
 8001740:	0000006b 000000fb 0000005f 000000b1     k......._.......
 8001750:	0000001f 0000008d 0000005d 00000008     ........].......
 8001760:	00000056 00000003 00000030 00000046     V.......0...F...
 8001770:	000000fc 0000007b 0000006b 000000ab     ....{...k.......
 8001780:	000000f0 000000cf 000000bc 00000020     ............ ...
 8001790:	0000009a 000000f4 00000036 0000001d     ........6.......
 80017a0:	000000a9 000000e3 00000091 00000061     ............a...
 80017b0:	0000005e 000000e6 0000001b 00000008     ^...............
 80017c0:	00000065 00000099 00000085 0000005f     e..........._...
 80017d0:	00000014 000000a0 00000068 00000040     ........h...@...
 80017e0:	0000008d 000000ff 000000d8 00000080     ................
 80017f0:	0000004d 00000073 00000027 00000031     M...s...'...1...
 8001800:	00000006 00000006 00000015 00000056     ............V...
 8001810:	000000ca 00000073 000000a8 000000c9     ....s...........
 8001820:	00000060 000000e2 0000007b 000000c0     `.......{.......
 8001830:	0000008c 0000006b                       ....k...

08001838 <init_jk>:
 8001838:	00000004 00000007 00000009              ............

08001844 <PIo2>:
 8001844:	3fc90000 39f00000 37da0000 33a20000     ...?...9...7...3
 8001854:	2e840000 2b500000 27c20000 22d00000     ......P+...'..."
 8001864:	1fc40000 1bc60000 17440000              ..........D.

Disassembly of section .init:

08001870 <_init>:
 8001870:	b5f8      	push	{r3, r4, r5, r6, r7, lr}
 8001872:	bf00      	nop
 8001874:	bcf8      	pop	{r3, r4, r5, r6, r7}
 8001876:	bc08      	pop	{r3}
 8001878:	469e      	mov	lr, r3
 800187a:	4770      	bx	lr

Disassembly of section .fini:

0800187c <_fini>:
 800187c:	b5f8      	push	{r3, r4, r5, r6, r7, lr}
 800187e:	bf00      	nop
 8001880:	bcf8      	pop	{r3, r4, r5, r6, r7}
 8001882:	bc08      	pop	{r3}
 8001884:	469e      	mov	lr, r3
 8001886:	4770      	bx	lr

Disassembly of section .fastcode:

20000474 <fast_increment>:
    }
}

__attribute__ ((section (".fastcode"))) 
void fast_increment(uint32_t * i)
{
20000474:	b480      	push	{r7}
20000476:	b083      	sub	sp, #12
20000478:	af00      	add	r7, sp, #0
2000047a:	6078      	str	r0, [r7, #4]
    (*i)++;
2000047c:	687b      	ldr	r3, [r7, #4]
2000047e:	681b      	ldr	r3, [r3, #0]
20000480:	1c5a      	adds	r2, r3, #1
20000482:	687b      	ldr	r3, [r7, #4]
20000484:	601a      	str	r2, [r3, #0]
}
20000486:	370c      	adds	r7, #12
20000488:	46bd      	mov	sp, r7
2000048a:	f85d 7b04 	ldr.w	r7, [sp], #4
2000048e:	4770      	bx	lr
